#
# There is insufficient memory for the Java Runtime Environment to continue.
# Native memory allocation (malloc) failed to allocate 240816 bytes. Error detail: Chunk::new
# Possible reasons:
#   The system is out of physical RAM or swap space
#   This process is running with CompressedOops enabled, and the Java Heap may be blocking the growth of the native heap
# Possible solutions:
#   Reduce memory load on the system
#   Increase physical memory or swap space
#   Check if swap backing store is full
#   Decrease Java heap size (-Xmx/-Xms)
#   Decrease number of Java threads
#   Decrease Java thread stack sizes (-Xss)
#   Set larger code cache with -XX:ReservedCodeCacheSize=
#   JVM is running with Unscaled Compressed Oops mode in which the Java heap is
#     placed in the first 4GB address space. The Java Heap base address is the
#     maximum limit for the native heap growth. Please use -XX:HeapBaseMinAddress
#     to set the Java Heap base and to place the Java Heap above 4GB virtual address.
# This output file may be truncated or incomplete.
#
#  Out of Memory Error (arena.cpp:191), pid=12512, tid=12276
#
# JRE version: OpenJDK Runtime Environment Temurin-17.0.11+9 (17.0.11+9) (build 17.0.11+9)
# Java VM: OpenJDK 64-Bit Server VM Temurin-17.0.11+9 (17.0.11+9, mixed mode, tiered, compressed oops, compressed class ptrs, parallel gc, windows-amd64)
# No core dump will be written. Minidumps are not enabled by default on client versions of Windows
#

---------------  S U M M A R Y ------------

Command Line: --add-modules=ALL-SYSTEM --add-opens=java.base/java.util=ALL-UNNAMED --add-opens=java.base/java.lang=ALL-UNNAMED --add-opens=java.base/sun.nio.fs=ALL-UNNAMED -Declipse.application=org.eclipse.jdt.ls.core.id1 -Dosgi.bundles.defaultStartLevel=4 -Declipse.product=org.eclipse.jdt.ls.core.product -Djava.import.generatesMetadataFilesAtProjectRoot=false -DDetectVMInstallationsJob.disabled=true -Dfile.encoding=utf8 -XX:+UseParallelGC -XX:GCTimeRatio=4 -XX:AdaptiveSizePolicyWeight=90 -Dsun.zip.disableMemoryMapping=true -Xmx1G -Xms100m -Xlog:disable -javaagent:c:\Users\Msb\.vscode\extensions\redhat.java-1.32.0-win32-x64\lombok\lombok-1.18.33.jar -XX:+HeapDumpOnOutOfMemoryError -XX:HeapDumpPath=c:\Users\Msb\AppData\Roaming\Code\User\workspaceStorage\de65c382bbab666cbab8920842b12c40\redhat.java -Daether.dependencyCollector.impl=bf c:\Users\Msb\.vscode\extensions\redhat.java-1.32.0-win32-x64\server\plugins\org.eclipse.equinox.launcher_1.6.900.v20240613-2009.jar -configuration c:\Users\Msb\AppData\Roaming\Code\User\globalStorage\redhat.java\1.32.0\config_win -data c:\Users\Msb\AppData\Roaming\Code\User\workspaceStorage\de65c382bbab666cbab8920842b12c40\redhat.java\jdt_ws --pipe=\\.\pipe\lsp-355bd59089b351f93f548640ae96ccf3-sock

Host: Intel(R) Core(TM) i7-7500U CPU @ 2.70GHz, 4 cores, 11G,  Windows 10 , 64 bit Build 19041 (10.0.19041.4597)
Time: Thu Jul 25 17:15:46 2024 India Standard Time elapsed time: 0.869624 seconds (0d 0h 0m 0s)

---------------  T H R E A D  ---------------

Current thread (0x00000158fd6f2d80):  JavaThread "C2 CompilerThread1" daemon [_thread_in_native, id=12276, stack(0x0000004904800000,0x0000004904900000)]


Current CompileTask:
C2:    869  525       4       lombok.patcher.PatchScript::classMatches (41 bytes)

Stack: [0x0000004904800000,0x0000004904900000]
Native frames: (J=compiled Java code, j=interpreted, Vv=VM code, C=native code)
V  [jvm.dll+0x67d429]
V  [jvm.dll+0x834b7a]
V  [jvm.dll+0x83663e]
V  [jvm.dll+0x836ca3]
V  [jvm.dll+0x247dbf]
V  [jvm.dll+0xac534]
V  [jvm.dll+0xacb7c]
V  [jvm.dll+0x2af2cf]
V  [jvm.dll+0x5848b7]
V  [jvm.dll+0x222d82]
V  [jvm.dll+0x22317f]
V  [jvm.dll+0x21c2a0]
V  [jvm.dll+0x2197a1]
V  [jvm.dll+0x1a534d]
V  [jvm.dll+0x2295cd]
V  [jvm.dll+0x22779c]
V  [jvm.dll+0x7e9d07]
V  [jvm.dll+0x7e410a]
V  [jvm.dll+0x67c315]
C  [ucrtbase.dll+0x21bb2]
C  [KERNEL32.DLL+0x17374]
C  [ntdll.dll+0x4cc91]


---------------  P R O C E S S  ---------------

Threads class SMR info:
_java_thread_list=0x00000158fd719bc0, length=13, elements={
0x00000158f7487970, 0x00000158fc2c3740, 0x00000158fc2c4750, 0x00000158fc2fd130,
0x00000158fc2fdec0, 0x00000158fc2fec50, 0x00000158fc302540, 0x00000158fc303140,
0x00000158fd45e380, 0x00000158fd45e8a0, 0x00000158fd4e1fb0, 0x00000158fd80d8a0,
0x00000158fd6f2d80
}

Java Threads: ( => current thread )
  0x00000158f7487970 JavaThread "main" [_thread_in_vm, id=4304, stack(0x0000004903900000,0x0000004903a00000)]
  0x00000158fc2c3740 JavaThread "Reference Handler" daemon [_thread_blocked, id=6516, stack(0x0000004903c00000,0x0000004903d00000)]
  0x00000158fc2c4750 JavaThread "Finalizer" daemon [_thread_blocked, id=17316, stack(0x0000004903d00000,0x0000004903e00000)]
  0x00000158fc2fd130 JavaThread "Signal Dispatcher" daemon [_thread_blocked, id=13364, stack(0x0000004903e00000,0x0000004903f00000)]
  0x00000158fc2fdec0 JavaThread "Attach Listener" daemon [_thread_blocked, id=16352, stack(0x0000004903f00000,0x0000004904000000)]
  0x00000158fc2fec50 JavaThread "Service Thread" daemon [_thread_blocked, id=15512, stack(0x0000004904000000,0x0000004904100000)]
  0x00000158fc302540 JavaThread "Monitor Deflation Thread" daemon [_thread_blocked, id=12764, stack(0x0000004904100000,0x0000004904200000)]
  0x00000158fc303140 JavaThread "C2 CompilerThread0" daemon [_thread_blocked, id=2452, stack(0x0000004904200000,0x0000004904300000)]
  0x00000158fd45e380 JavaThread "C1 CompilerThread0" daemon [_thread_blocked, id=8996, stack(0x0000004904300000,0x0000004904400000)]
  0x00000158fd45e8a0 JavaThread "Sweeper thread" daemon [_thread_blocked, id=16400, stack(0x0000004904400000,0x0000004904500000)]
  0x00000158fd4e1fb0 JavaThread "Common-Cleaner" daemon [_thread_blocked, id=7148, stack(0x0000004904500000,0x0000004904600000)]
  0x00000158fd80d8a0 JavaThread "Notification Thread" daemon [_thread_blocked, id=16184, stack(0x0000004904600000,0x0000004904700000)]
=>0x00000158fd6f2d80 JavaThread "C2 CompilerThread1" daemon [_thread_in_native, id=12276, stack(0x0000004904800000,0x0000004904900000)]

Other Threads:
  0x00000158f750ccd0 VMThread "VM Thread" [stack: 0x0000004903b00000,0x0000004903c00000] [id=12744]
  0x00000158fd6c50c0 WatcherThread [stack: 0x0000004904700000,0x0000004904800000] [id=12600]
  0x00000158f749c580 GCTaskThread "GC Thread#0" [stack: 0x0000004903a00000,0x0000004903b00000] [id=15968]

Threads with active compile tasks:
C2 CompilerThread1      917  525       4       lombok.patcher.PatchScript::classMatches (41 bytes)

VM state: not at safepoint (normal execution)

VM Mutex/Monitor currently owned by a thread:  ([mutex/lock_event])
[0x00000158f7483460] CompiledIC_lock - owner thread: 0x0000000000000000

Heap address: 0x00000000c0000000, size: 1024 MB, Compressed Oops mode: 32-bit

CDS archive(s) not mapped
Compressed class space mapped at: 0x0000000100000000-0x0000000140000000, reserved size: 1073741824
Narrow klass base: 0x0000000000000000, Narrow klass shift: 3, Narrow klass range: 0x140000000

GC Precious Log:
 CPUs: 4 total, 4 available
 Memory: 12172M
 Large Page Support: Disabled
 NUMA Support: Disabled
 Compressed Oops: Enabled (32-bit)
 Alignments: Space 512K, Generation 512K, Heap 2M
 Heap Min Capacity: 100M
 Heap Initial Capacity: 100M
 Heap Max Capacity: 1G
 Pre-touch: Disabled
 Parallel Workers: 4

Heap:
 PSYoungGen      total 29696K, used 11802K [0x00000000eab00000, 0x00000000ecc00000, 0x0000000100000000)
  eden space 25600K, 46% used [0x00000000eab00000,0x00000000eb686858,0x00000000ec400000)
  from space 4096K, 0% used [0x00000000ec800000,0x00000000ec800000,0x00000000ecc00000)
  to   space 4096K, 0% used [0x00000000ec400000,0x00000000ec400000,0x00000000ec800000)
 ParOldGen       total 68608K, used 0K [0x00000000c0000000, 0x00000000c4300000, 0x00000000eab00000)
  object space 68608K, 0% used [0x00000000c0000000,0x00000000c0000000,0x00000000c4300000)
 Metaspace       used 8183K, committed 8256K, reserved 1114112K
  class space    used 795K, committed 832K, reserved 1048576K

Card table byte_map: [0x00000158f6e20000,0x00000158f7030000] _byte_map_base: 0x00000158f6820000

Marking Bits: (ParMarkBitMap*) 0x00007ffa5540d820
 Begin Bits: [0x00000158fa120000, 0x00000158fb120000)
 End Bits:   [0x00000158fb120000, 0x00000158fc120000)

Polling page: 0x00000158f53a0000

Metaspace:

Usage:
  Non-class:      7.21 MB used.
      Class:    795.42 KB used.
       Both:      7.99 MB used.

Virtual space:
  Non-class space:       64.00 MB reserved,       7.25 MB ( 11%) committed,  1 nodes.
      Class space:        1.00 GB reserved,     832.00 KB ( <1%) committed,  1 nodes.
             Both:        1.06 GB reserved,       8.06 MB ( <1%) committed. 

Chunk freelists:
   Non-Class:  8.00 MB
       Class:  15.21 MB
        Both:  23.21 MB

MaxMetaspaceSize: unlimited
CompressedClassSpaceSize: 1.00 GB
Initial GC threshold: 21.00 MB
Current GC threshold: 21.00 MB
CDS: off
MetaspaceReclaimPolicy: balanced
 - commit_granule_bytes: 65536.
 - commit_granule_words: 8192.
 - virtual_space_node_default_size: 8388608.
 - enlarge_chunks_in_place: 1.
 - new_chunks_are_fully_committed: 0.
 - uncommit_free_chunks: 1.
 - use_allocation_guard: 0.
 - handle_deallocations: 1.


Internal statistics:

num_allocs_failed_limit: 0.
num_arena_births: 10.
num_arena_deaths: 0.
num_vsnodes_births: 2.
num_vsnodes_deaths: 0.
num_space_committed: 129.
num_space_uncommitted: 0.
num_chunks_returned_to_freelist: 0.
num_chunks_taken_from_freelist: 40.
num_chunk_merges: 0.
num_chunk_splits: 23.
num_chunks_enlarged: 22.
num_inconsistent_stats: 0.

CodeHeap 'non-profiled nmethods': size=120000Kb used=200Kb max_used=200Kb free=119799Kb
 bounds [0x0000015887ad0000, 0x0000015887d40000, 0x000001588f000000]
CodeHeap 'profiled nmethods': size=120000Kb used=753Kb max_used=753Kb free=119246Kb
 bounds [0x0000015880000000, 0x0000015880270000, 0x0000015887530000]
CodeHeap 'non-nmethods': size=5760Kb used=1126Kb max_used=1149Kb free=4633Kb
 bounds [0x0000015887530000, 0x00000158877a0000, 0x0000015887ad0000]
 total_blobs=941 nmethods=527 adapters=329
 compilation: enabled
              stopped_count=0, restarted_count=0
 full_count=0

Compilation events (20 events):
Event: 0.842 Thread 0x00000158fd45e380  520       3       java.lang.Character::isSurrogate (18 bytes)
Event: 0.842 Thread 0x00000158fd45e380 nmethod 520 0x00000158800b8990 code [0x00000158800b8b20, 0x00000158800b8cb8]
Event: 0.843 Thread 0x00000158fc303140 nmethod 515 0x0000015887afd310 code [0x0000015887afd480, 0x0000015887afd638]
Event: 0.843 Thread 0x00000158fc303140  505       4       java.lang.CharacterData::of (136 bytes)
Event: 0.843 Thread 0x00000158fd6f2d80 nmethod 511 0x0000015887afd790 code [0x0000015887afd900, 0x0000015887afdbd8]
Event: 0.843 Thread 0x00000158fd6f2d80  506       4       java.lang.CharacterDataLatin1::digit (32 bytes)
Event: 0.844 Thread 0x00000158fc303140 nmethod 505 0x0000015887afdd90 code [0x0000015887afdf00, 0x0000015887afdf78]
Event: 0.844 Thread 0x00000158fc303140  510       4       java.lang.Character::digit (6 bytes)
Event: 0.844 Thread 0x00000158fd6f2d80 nmethod 506 0x0000015887afe090 code [0x0000015887afe220, 0x0000015887afe318]
Event: 0.844 Thread 0x00000158fd6f2d80  502       4       java.lang.StringLatin1::newString (24 bytes)
Event: 0.845 Thread 0x00000158fd45e380  521   !   3       java.lang.invoke.MemberName::getMethodType (211 bytes)
Event: 0.845 Thread 0x00000158fc303140 nmethod 510 0x0000015887afe410 code [0x0000015887afe5a0, 0x0000015887afe6b8]
Event: 0.845 Thread 0x00000158fc303140  524       4       java.lang.String::replace (42 bytes)
Event: 0.846 Thread 0x00000158fd45e380 nmethod 521 0x00000158800b8d90 code [0x00000158800b9080, 0x00000158800ba538]
Event: 0.846 Thread 0x00000158fd45e380  523       3       java.util.regex.Pattern::peek (26 bytes)
Event: 0.846 Thread 0x00000158fd45e380 nmethod 523 0x00000158800bab10 code [0x00000158800bacc0, 0x00000158800baf28]
Event: 0.848 Thread 0x00000158fd6f2d80 nmethod 502 0x0000015887afec10 code [0x0000015887afeda0, 0x0000015887aff1d8]
Event: 0.850 Thread 0x00000158fd6f2d80  525       4       lombok.patcher.PatchScript::classMatches (41 bytes)
Event: 0.859 Thread 0x00000158fc303140 nmethod 524 0x0000015887aff390 code [0x0000015887aff540, 0x0000015887affaa8]
Event: 0.859 Thread 0x00000158fc303140  526       4       lombok.patcher.scripts.MethodLevelPatchScript::patch (21 bytes)

GC Heap History (0 events):
No events

Dll operation events (8 events):
Event: 0.012 Loaded shared library c:\Users\Msb\.vscode\extensions\redhat.java-1.32.0-win32-x64\jre\17.0.11-win32-x86_64\bin\java.dll
Event: 0.380 Loaded shared library c:\Users\Msb\.vscode\extensions\redhat.java-1.32.0-win32-x64\jre\17.0.11-win32-x86_64\bin\zip.dll
Event: 0.385 Loaded shared library C:\Users\Msb\.vscode\extensions\redhat.java-1.32.0-win32-x64\jre\17.0.11-win32-x86_64\bin\instrument.dll
Event: 0.401 Loaded shared library C:\Users\Msb\.vscode\extensions\redhat.java-1.32.0-win32-x64\jre\17.0.11-win32-x86_64\bin\net.dll
Event: 0.408 Loaded shared library C:\Users\Msb\.vscode\extensions\redhat.java-1.32.0-win32-x64\jre\17.0.11-win32-x86_64\bin\nio.dll
Event: 0.422 Loaded shared library C:\Users\Msb\.vscode\extensions\redhat.java-1.32.0-win32-x64\jre\17.0.11-win32-x86_64\bin\zip.dll
Event: 0.446 Loaded shared library C:\Users\Msb\.vscode\extensions\redhat.java-1.32.0-win32-x64\jre\17.0.11-win32-x86_64\bin\jimage.dll
Event: 0.524 Loaded shared library c:\Users\Msb\.vscode\extensions\redhat.java-1.32.0-win32-x64\jre\17.0.11-win32-x86_64\bin\verify.dll

Deoptimization events (20 events):
Event: 0.816 Thread 0x00000158f7487970 Uncommon trap: trap_request=0xffffffde fr.pc=0x0000015887afa9c4 relative=0x0000000000000124
Event: 0.816 Thread 0x00000158f7487970 Uncommon trap: reason=class_check action=maybe_recompile pc=0x0000015887afa9c4 method=jdk.internal.misc.Unsafe.allocateUninitializedArray(Ljava/lang/Class;I)Ljava/lang/Object; @ 51 c2
Event: 0.816 Thread 0x00000158f7487970 DEOPT PACKING pc=0x0000015887afa9c4 sp=0x00000049039fbf10
Event: 0.816 Thread 0x00000158f7487970 DEOPT UNPACKING pc=0x00000158875866a3 sp=0x00000049039fbe98 mode 2
Event: 0.816 Thread 0x00000158f7487970 Uncommon trap: trap_request=0xffffffde fr.pc=0x0000015887afa9c4 relative=0x0000000000000124
Event: 0.816 Thread 0x00000158f7487970 Uncommon trap: reason=class_check action=maybe_recompile pc=0x0000015887afa9c4 method=jdk.internal.misc.Unsafe.allocateUninitializedArray(Ljava/lang/Class;I)Ljava/lang/Object; @ 51 c2
Event: 0.816 Thread 0x00000158f7487970 DEOPT PACKING pc=0x0000015887afa9c4 sp=0x00000049039fbf10
Event: 0.816 Thread 0x00000158f7487970 DEOPT UNPACKING pc=0x00000158875866a3 sp=0x00000049039fbe98 mode 2
Event: 0.816 Thread 0x00000158f7487970 Uncommon trap: trap_request=0xffffffde fr.pc=0x0000015887afa9c4 relative=0x0000000000000124
Event: 0.816 Thread 0x00000158f7487970 Uncommon trap: reason=class_check action=maybe_recompile pc=0x0000015887afa9c4 method=jdk.internal.misc.Unsafe.allocateUninitializedArray(Ljava/lang/Class;I)Ljava/lang/Object; @ 51 c2
Event: 0.816 Thread 0x00000158f7487970 DEOPT PACKING pc=0x0000015887afa9c4 sp=0x00000049039fbf50
Event: 0.816 Thread 0x00000158f7487970 DEOPT UNPACKING pc=0x00000158875866a3 sp=0x00000049039fbed8 mode 2
Event: 0.817 Thread 0x00000158f7487970 Uncommon trap: trap_request=0xffffff45 fr.pc=0x0000015887ae7544 relative=0x00000000000000c4
Event: 0.817 Thread 0x00000158f7487970 Uncommon trap: reason=unstable_if action=reinterpret pc=0x0000015887ae7544 method=java.net.URI.match(CJJ)Z @ 45 c2
Event: 0.817 Thread 0x00000158f7487970 DEOPT PACKING pc=0x0000015887ae7544 sp=0x00000049039fc6b0
Event: 0.817 Thread 0x00000158f7487970 DEOPT UNPACKING pc=0x00000158875866a3 sp=0x00000049039fc638 mode 2
Event: 0.826 Thread 0x00000158f7487970 Uncommon trap: trap_request=0xffffff45 fr.pc=0x0000015887af99a8 relative=0x0000000000000628
Event: 0.826 Thread 0x00000158f7487970 Uncommon trap: reason=unstable_if action=reinterpret pc=0x0000015887af99a8 method=java.lang.String.replace(Ljava/lang/CharSequence;Ljava/lang/CharSequence;)Ljava/lang/String; @ 48 c2
Event: 0.826 Thread 0x00000158f7487970 DEOPT PACKING pc=0x0000015887af99a8 sp=0x00000049039fc630
Event: 0.826 Thread 0x00000158f7487970 DEOPT UNPACKING pc=0x00000158875866a3 sp=0x00000049039fc5a0 mode 2

Classes unloaded (0 events):
No events

Classes redefined (0 events):
No events

Internal exceptions (2 events):
Event: 0.304 Thread 0x00000158f7487970 Exception <a 'java/lang/NoSuchMethodError'{0x00000000eacb4d58}: 'void java.lang.invoke.DirectMethodHandle$Holder.invokeStatic(java.lang.Object, java.lang.Object, java.lang.Object)'> (0x00000000eacb4d58) 
thrown [s\src\hotspot\share\interpreter\linkResolver.cpp, line 759]
Event: 0.569 Thread 0x00000158f7487970 Exception <a 'java/lang/reflect/InvocationTargetException'{0x00000000eafe72d0}> (0x00000000eafe72d0) 
thrown [s\src\hotspot\share\runtime\reflection.cpp, line 1121]

VM Operations (2 events):
Event: 0.319 Executing VM operation: HandshakeAllThreads
Event: 0.319 Executing VM operation: HandshakeAllThreads done

Events (20 events):
Event: 0.851 loading class java/time/temporal/TemporalField done
Event: 0.851 loading class java/time/temporal/ChronoField done
Event: 0.851 loading class java/time/temporal/ChronoUnit
Event: 0.851 loading class java/time/temporal/TemporalUnit
Event: 0.851 loading class java/time/temporal/TemporalUnit done
Event: 0.851 loading class java/time/temporal/ChronoUnit done
Event: 0.851 loading class java/time/Duration
Event: 0.852 loading class java/time/temporal/TemporalAmount
Event: 0.852 loading class java/time/temporal/TemporalAmount done
Event: 0.853 loading class java/time/Duration done
Event: 0.853 loading class java/time/temporal/ValueRange
Event: 0.853 loading class java/time/temporal/ValueRange done
Event: 0.853 loading class java/time/LocalTime
Event: 0.854 loading class java/time/LocalTime done
Event: 0.854 loading class java/time/zone/ZoneOffsetTransition
Event: 0.854 loading class java/time/zone/ZoneOffsetTransition done
Event: 0.854 loading class java/util/Collections$SingletonList
Event: 0.854 loading class java/util/Collections$SingletonList done
Event: 0.854 loading class java/time/Instant
Event: 0.868 loading class java/time/Instant done


Dynamic libraries:
0x00007ff671dc0000 - 0x00007ff671dce000 	c:\Users\Msb\.vscode\extensions\redhat.java-1.32.0-win32-x64\jre\17.0.11-win32-x86_64\bin\java.exe
0x00007ffad9450000 - 0x00007ffad9648000 	C:\Windows\SYSTEM32\ntdll.dll
0x00007ffad82a0000 - 0x00007ffad8361000 	C:\Windows\System32\KERNEL32.DLL
0x00007ffad6e70000 - 0x00007ffad7166000 	C:\Windows\System32\KERNELBASE.dll
0x00007ffad6b00000 - 0x00007ffad6c00000 	C:\Windows\System32\ucrtbase.dll
0x00007ffaae880000 - 0x00007ffaae897000 	c:\Users\Msb\.vscode\extensions\redhat.java-1.32.0-win32-x64\jre\17.0.11-win32-x86_64\bin\jli.dll
0x00007ffad8560000 - 0x00007ffad86ff000 	C:\Windows\System32\USER32.dll
0x00007ffad6d70000 - 0x00007ffad6d92000 	C:\Windows\System32\win32u.dll
0x00007ffad8ee0000 - 0x00007ffad8f0b000 	C:\Windows\System32\GDI32.dll
0x00007ffad6c50000 - 0x00007ffad6d67000 	C:\Windows\System32\gdi32full.dll
0x00007ffad6dd0000 - 0x00007ffad6e6d000 	C:\Windows\System32\msvcp_win.dll
0x00007ffaab650000 - 0x00007ffaab66b000 	c:\Users\Msb\.vscode\extensions\redhat.java-1.32.0-win32-x64\jre\17.0.11-win32-x86_64\bin\VCRUNTIME140.dll
0x00007ffabbff0000 - 0x00007ffabc28a000 	C:\Windows\WinSxS\amd64_microsoft.windows.common-controls_6595b64144ccf1df_6.0.19041.4355_none_60b8b9eb71f62e16\COMCTL32.dll
0x00007ffad9270000 - 0x00007ffad930e000 	C:\Windows\System32\msvcrt.dll
0x00007ffad9310000 - 0x00007ffad933f000 	C:\Windows\System32\IMM32.DLL
0x00007ffabd5a0000 - 0x00007ffabd5ac000 	c:\Users\Msb\.vscode\extensions\redhat.java-1.32.0-win32-x64\jre\17.0.11-win32-x86_64\bin\vcruntime140_1.dll
0x00007ffa9bac0000 - 0x00007ffa9bb4d000 	c:\Users\Msb\.vscode\extensions\redhat.java-1.32.0-win32-x64\jre\17.0.11-win32-x86_64\bin\msvcp140.dll
0x00007ffa54870000 - 0x00007ffa554d2000 	c:\Users\Msb\.vscode\extensions\redhat.java-1.32.0-win32-x64\jre\17.0.11-win32-x86_64\bin\server\jvm.dll
0x00007ffad8060000 - 0x00007ffad8110000 	C:\Windows\System32\ADVAPI32.dll
0x00007ffad8200000 - 0x00007ffad82a0000 	C:\Windows\System32\sechost.dll
0x00007ffad8370000 - 0x00007ffad8493000 	C:\Windows\System32\RPCRT4.dll
0x00007ffad6da0000 - 0x00007ffad6dc7000 	C:\Windows\System32\bcrypt.dll
0x00007ffad6050000 - 0x00007ffad609b000 	C:\Windows\SYSTEM32\POWRPROF.dll
0x00007ffab5de0000 - 0x00007ffab5de9000 	C:\Windows\SYSTEM32\WSOCK32.dll
0x00007ffad8190000 - 0x00007ffad81fb000 	C:\Windows\System32\WS2_32.dll
0x00007ffabeae0000 - 0x00007ffabeb07000 	C:\Windows\SYSTEM32\WINMM.dll
0x00007ffad0da0000 - 0x00007ffad0daa000 	C:\Windows\SYSTEM32\VERSION.dll
0x00007ffad5eb0000 - 0x00007ffad5ec2000 	C:\Windows\SYSTEM32\UMPDC.dll
0x00007ffad4940000 - 0x00007ffad4952000 	C:\Windows\SYSTEM32\kernel.appcore.dll
0x00007ffabb990000 - 0x00007ffabb99a000 	c:\Users\Msb\.vscode\extensions\redhat.java-1.32.0-win32-x64\jre\17.0.11-win32-x86_64\bin\jimage.dll
0x00007ffacc2e0000 - 0x00007ffacc4c4000 	C:\Windows\SYSTEM32\DBGHELP.DLL
0x00007ffacc090000 - 0x00007ffacc0c4000 	C:\Windows\SYSTEM32\dbgcore.DLL
0x00007ffad73f0000 - 0x00007ffad7472000 	C:\Windows\System32\bcryptPrimitives.dll
0x00007ffabb680000 - 0x00007ffabb68e000 	c:\Users\Msb\.vscode\extensions\redhat.java-1.32.0-win32-x64\jre\17.0.11-win32-x86_64\bin\instrument.dll
0x00007ffaa03b0000 - 0x00007ffaa03d5000 	c:\Users\Msb\.vscode\extensions\redhat.java-1.32.0-win32-x64\jre\17.0.11-win32-x86_64\bin\java.dll
0x00007ffaa6e40000 - 0x00007ffaa6e58000 	c:\Users\Msb\.vscode\extensions\redhat.java-1.32.0-win32-x64\jre\17.0.11-win32-x86_64\bin\zip.dll
0x00007ffad78f0000 - 0x00007ffad805c000 	C:\Windows\System32\SHELL32.dll
0x00007ffad4b40000 - 0x00007ffad52de000 	C:\Windows\SYSTEM32\windows.storage.dll
0x00007ffad8f10000 - 0x00007ffad9263000 	C:\Windows\System32\combase.dll
0x00007ffad6520000 - 0x00007ffad654e000 	C:\Windows\SYSTEM32\Wldp.dll
0x00007ffad9340000 - 0x00007ffad940d000 	C:\Windows\System32\OLEAUT32.dll
0x00007ffad84b0000 - 0x00007ffad855d000 	C:\Windows\System32\SHCORE.dll
0x00007ffad75b0000 - 0x00007ffad7605000 	C:\Windows\System32\shlwapi.dll
0x00007ffad6a30000 - 0x00007ffad6a54000 	C:\Windows\SYSTEM32\profapi.dll
0x00007ffaa6680000 - 0x00007ffaa6699000 	C:\Users\Msb\.vscode\extensions\redhat.java-1.32.0-win32-x64\jre\17.0.11-win32-x86_64\bin\net.dll
0x00007ffacf460000 - 0x00007ffacf56a000 	C:\Windows\SYSTEM32\WINHTTP.dll
0x00007ffad6230000 - 0x00007ffad629a000 	C:\Windows\system32\mswsock.dll
0x00007ffaa63c0000 - 0x00007ffaa63d6000 	C:\Users\Msb\.vscode\extensions\redhat.java-1.32.0-win32-x64\jre\17.0.11-win32-x86_64\bin\nio.dll
0x00007ffabb0b0000 - 0x00007ffabb0c0000 	c:\Users\Msb\.vscode\extensions\redhat.java-1.32.0-win32-x64\jre\17.0.11-win32-x86_64\bin\verify.dll

dbghelp: loaded successfully - version: 4.0.5 - missing functions: none
symbol engine: initialized successfully - sym options: 0x614 - pdb path: .;c:\Users\Msb\.vscode\extensions\redhat.java-1.32.0-win32-x64\jre\17.0.11-win32-x86_64\bin;C:\Windows\SYSTEM32;C:\Windows\WinSxS\amd64_microsoft.windows.common-controls_6595b64144ccf1df_6.0.19041.4355_none_60b8b9eb71f62e16;c:\Users\Msb\.vscode\extensions\redhat.java-1.32.0-win32-x64\jre\17.0.11-win32-x86_64\bin\server

VM Arguments:
jvm_args: --add-modules=ALL-SYSTEM --add-opens=java.base/java.util=ALL-UNNAMED --add-opens=java.base/java.lang=ALL-UNNAMED --add-opens=java.base/sun.nio.fs=ALL-UNNAMED -Declipse.application=org.eclipse.jdt.ls.core.id1 -Dosgi.bundles.defaultStartLevel=4 -Declipse.product=org.eclipse.jdt.ls.core.product -Djava.import.generatesMetadataFilesAtProjectRoot=false -DDetectVMInstallationsJob.disabled=true -Dfile.encoding=utf8 -XX:+UseParallelGC -XX:GCTimeRatio=4 -XX:AdaptiveSizePolicyWeight=90 -Dsun.zip.disableMemoryMapping=true -Xmx1G -Xms100m -Xlog:disable -javaagent:c:\Users\Msb\.vscode\extensions\redhat.java-1.32.0-win32-x64\lombok\lombok-1.18.33.jar -XX:+HeapDumpOnOutOfMemoryError -XX:HeapDumpPath=c:\Users\Msb\AppData\Roaming\Code\User\workspaceStorage\de65c382bbab666cbab8920842b12c40\redhat.java -Daether.dependencyCollector.impl=bf 
java_command: c:\Users\Msb\.vscode\extensions\redhat.java-1.32.0-win32-x64\server\plugins\org.eclipse.equinox.launcher_1.6.900.v20240613-2009.jar -configuration c:\Users\Msb\AppData\Roaming\Code\User\globalStorage\redhat.java\1.32.0\config_win -data c:\Users\Msb\AppData\Roaming\Code\User\workspaceStorage\de65c382bbab666cbab8920842b12c40\redhat.java\jdt_ws --pipe=\\.\pipe\lsp-355bd59089b351f93f548640ae96ccf3-sock
java_class_path (initial): c:\Users\Msb\.vscode\extensions\redhat.java-1.32.0-win32-x64\server\plugins\org.eclipse.equinox.launcher_1.6.900.v20240613-2009.jar
Launcher Type: SUN_STANDARD

[Global flags]
    uintx AdaptiveSizePolicyWeight                 = 90                                        {product} {command line}
     intx CICompilerCount                          = 3                                         {product} {ergonomic}
    uintx GCTimeRatio                              = 4                                         {product} {command line}
     bool HeapDumpOnOutOfMemoryError               = true                                   {manageable} {command line}
    ccstr HeapDumpPath                             = c:\Users\Msb\AppData\Roaming\Code\User\workspaceStorage\de65c382bbab666cbab8920842b12c40\redhat.java         {manageable} {command line}
   size_t InitialHeapSize                          = 104857600                                 {product} {command line}
   size_t MaxHeapSize                              = 1073741824                                {product} {command line}
   size_t MaxNewSize                               = 357564416                                 {product} {ergonomic}
   size_t MinHeapDeltaBytes                        = 524288                                    {product} {ergonomic}
   size_t MinHeapSize                              = 104857600                                 {product} {command line}
   size_t NewSize                                  = 34603008                                  {product} {ergonomic}
    uintx NonNMethodCodeHeapSize                   = 5832780                                {pd product} {ergonomic}
    uintx NonProfiledCodeHeapSize                  = 122912730                              {pd product} {ergonomic}
   size_t OldSize                                  = 70254592                                  {product} {ergonomic}
    uintx ProfiledCodeHeapSize                     = 122912730                              {pd product} {ergonomic}
    uintx ReservedCodeCacheSize                    = 251658240                              {pd product} {ergonomic}
     bool SegmentedCodeCache                       = true                                      {product} {ergonomic}
   size_t SoftMaxHeapSize                          = 1073741824                             {manageable} {ergonomic}
     bool UseCompressedClassPointers               = true                           {product lp64_product} {ergonomic}
     bool UseCompressedOops                        = true                           {product lp64_product} {ergonomic}
     bool UseLargePagesIndividualAllocation        = false                                  {pd product} {ergonomic}
     bool UseParallelGC                            = true                                      {product} {command line}

Logging:
Log output configuration:
 #0: stdout all=off uptime,level,tags
 #1: stderr all=off uptime,level,tags

Environment Variables:
JAVA_HOME=C:\Program Files\Java\jdk-22
PATH=C:\Program Files\Common Files\Oracle\Java\javapath;C:\Windows\system32;C:\Windows;C:\Windows\System32\Wbem;C:\Windows\System32\WindowsPowerShell\v1.0\;C:\Windows\System32\OpenSSH\;C:\Program Files\Git\cmd;C:\Program Files\Docker\Docker\resources\bin;C:\Program Files\PuTTY\;C:\Program Files\Amazon\AWSCLIV2\;C:\Program Files\apache-maven-3.9.5\bin;C:\ProgramData\chocolatey\bin;C:\Program Files\nodejs\;C:\Program Files\MySQL\MySQL Shell 8.0\bin\;C:\Users\Msb\AppData\Local\Programs\Python\Python310\Scripts\;C:\Users\Msb\AppData\Local\Programs\Python\Python310\;C:\Users\Msb\AppData\Local\Microsoft\WindowsApps;C:\Users\Msb\AppData\Local\Programs\Microsoft VS Code\bin;C:\Users\Msb\AppData\Roaming\npm
USERNAME=Msb
OS=Windows_NT
PROCESSOR_IDENTIFIER=Intel64 Family 6 Model 142 Stepping 9, GenuineIntel
TMP=C:\Users\Msb\AppData\Local\Temp
TEMP=C:\Users\Msb\AppData\Local\Temp



Periodic native trim disabled


---------------  S Y S T E M  ---------------

OS:
 Windows 10 , 64 bit Build 19041 (10.0.19041.4597)
OS uptime: 12 days 23:06 hours
Hyper-V role detected

CPU: total 4 (initial active 4) (2 cores per cpu, 2 threads per core) family 6 model 142 stepping 9 microcode 0xb4, cx8, cmov, fxsr, ht, mmx, 3dnowpref, sse, sse2, sse3, ssse3, sse4.1, sse4.2, popcnt, lzcnt, tsc, tscinvbit, avx, avx2, aes, erms, clmul, bmi1, bmi2, adx, fma, vzeroupper, clflush, clflushopt, hv
Processor Information for all 4 processors :
  Max Mhz: 2904, Current Mhz: 2703, Mhz Limit: 2700

Memory: 4k page, system-wide physical 12172M (724M free)
TotalPageFile size 18434M (AvailPageFile size 1M)
current process WorkingSet (physical memory assigned to process): 51M, peak: 51M
current process commit charge ("private bytes"): 180M, peak: 181M

vm_info: OpenJDK 64-Bit Server VM (17.0.11+9) for windows-amd64 JRE (17.0.11+9), built on Apr 17 2024 06:07:48 by "admin" with MS VC++ 16.10 / 16.11 (VS2019)

END.
