#
# There is insufficient memory for the Java Runtime Environment to continue.
# Native memory allocation (malloc) failed to allocate 474160 bytes. Error detail: Chunk::new
# Possible reasons:
#   The system is out of physical RAM or swap space
#   This process is running with CompressedOops enabled, and the Java Heap may be blocking the growth of the native heap
# Possible solutions:
#   Reduce memory load on the system
#   Increase physical memory or swap space
#   Check if swap backing store is full
#   Decrease Java heap size (-Xmx/-Xms)
#   Decrease number of Java threads
#   Decrease Java thread stack sizes (-Xss)
#   Set larger code cache with -XX:ReservedCodeCacheSize=
#   JVM is running with Unscaled Compressed Oops mode in which the Java heap is
#     placed in the first 4GB address space. The Java Heap base address is the
#     maximum limit for the native heap growth. Please use -XX:HeapBaseMinAddress
#     to set the Java Heap base and to place the Java Heap above 4GB virtual address.
# This output file may be truncated or incomplete.
#
#  Out of Memory Error (arena.cpp:191), pid=9804, tid=17104
#
# JRE version: OpenJDK Runtime Environment Temurin-17.0.11+9 (17.0.11+9) (build 17.0.11+9)
# Java VM: OpenJDK 64-Bit Server VM Temurin-17.0.11+9 (17.0.11+9, mixed mode, tiered, compressed oops, compressed class ptrs, parallel gc, windows-amd64)
# No core dump will be written. Minidumps are not enabled by default on client versions of Windows
#

---------------  S U M M A R Y ------------

Command Line: --add-modules=ALL-SYSTEM --add-opens=java.base/java.util=ALL-UNNAMED --add-opens=java.base/java.lang=ALL-UNNAMED --add-opens=java.base/sun.nio.fs=ALL-UNNAMED -Declipse.application=org.eclipse.jdt.ls.core.id1 -Dosgi.bundles.defaultStartLevel=4 -Declipse.product=org.eclipse.jdt.ls.core.product -Djava.import.generatesMetadataFilesAtProjectRoot=false -DDetectVMInstallationsJob.disabled=true -Dfile.encoding=utf8 -XX:+UseParallelGC -XX:GCTimeRatio=4 -XX:AdaptiveSizePolicyWeight=90 -Dsun.zip.disableMemoryMapping=true -Xmx1G -Xms100m -Xlog:disable -javaagent:c:\Users\Msb\.vscode\extensions\redhat.java-1.32.0-win32-x64\lombok\lombok-1.18.33.jar c:\Users\Msb\.vscode\extensions\redhat.java-1.32.0-win32-x64\server\plugins\org.eclipse.equinox.launcher_1.6.900.v20240613-2009.jar -configuration c:\Users\Msb\AppData\Roaming\Code\User\globalStorage\redhat.java\1.32.0\config_ss_win -data c:\Users\Msb\AppData\Roaming\Code\User\workspaceStorage\de65c382bbab666cbab8920842b12c40\redhat.java\ss_ws --pipe=\\.\pipe\lsp-eab7ee835368fa08a7e117e9f5d19e7a-sock

Host: Intel(R) Core(TM) i7-7500U CPU @ 2.70GHz, 4 cores, 11G,  Windows 10 , 64 bit Build 19041 (10.0.19041.4597)
Time: Thu Jul 25 17:16:24 2024 India Standard Time elapsed time: 5.651505 seconds (0d 0h 0m 5s)

---------------  T H R E A D  ---------------

Current thread (0x000001d42b1e97a0):  JavaThread "C2 CompilerThread1" daemon [_thread_in_native, id=17104, stack(0x0000002532b00000,0x0000002532c00000)]


Current CompileTask:
C2:   5651 2403       4       org.lombokweb.asm.MethodWriter::putMethodInfo (1274 bytes)

Stack: [0x0000002532b00000,0x0000002532c00000]
Native frames: (J=compiled Java code, j=interpreted, Vv=VM code, C=native code)
V  [jvm.dll+0x67d429]
V  [jvm.dll+0x834b7a]
V  [jvm.dll+0x83663e]
V  [jvm.dll+0x836ca3]
V  [jvm.dll+0x247dbf]
V  [jvm.dll+0xac534]
V  [jvm.dll+0xacb7c]
V  [jvm.dll+0x366647]
V  [jvm.dll+0x330bba]
V  [jvm.dll+0x33005a]
V  [jvm.dll+0x21a471]
V  [jvm.dll+0x2198b1]
V  [jvm.dll+0x1a534d]
V  [jvm.dll+0x2295cd]
V  [jvm.dll+0x22779c]
V  [jvm.dll+0x7e9d07]
V  [jvm.dll+0x7e410a]
V  [jvm.dll+0x67c315]
C  [ucrtbase.dll+0x21bb2]
C  [KERNEL32.DLL+0x17374]
C  [ntdll.dll+0x4cc91]


---------------  P R O C E S S  ---------------

Threads class SMR info:
_java_thread_list=0x000001d42b2c4d60, length=21, elements={
0x000001d4112165e0, 0x000001d4112ca640, 0x000001d4112cbdf0, 0x000001d42507c040,
0x000001d42507cdd0, 0x000001d42507fa70, 0x000001d425081750, 0x000001d425082350,
0x000001d42a257260, 0x000001d42a25bf40, 0x000001d4112785f0, 0x000001d42a479980,
0x000001d42ad1caf0, 0x000001d42ad8d9f0, 0x000001d42abd25b0, 0x000001d42b1f17d0,
0x000001d42ad80440, 0x000001d42afed3f0, 0x000001d42afebaa0, 0x000001d42afecee0,
0x000001d42b1e97a0
}

Java Threads: ( => current thread )
  0x000001d4112165e0 JavaThread "main" [_thread_blocked, id=5216, stack(0x0000002531100000,0x0000002531200000)]
  0x000001d4112ca640 JavaThread "Reference Handler" daemon [_thread_blocked, id=12764, stack(0x0000002531400000,0x0000002531500000)]
  0x000001d4112cbdf0 JavaThread "Finalizer" daemon [_thread_blocked, id=7140, stack(0x0000002531500000,0x0000002531600000)]
  0x000001d42507c040 JavaThread "Signal Dispatcher" daemon [_thread_blocked, id=1076, stack(0x0000002531600000,0x0000002531700000)]
  0x000001d42507cdd0 JavaThread "Attach Listener" daemon [_thread_blocked, id=2392, stack(0x0000002531700000,0x0000002531800000)]
  0x000001d42507fa70 JavaThread "Service Thread" daemon [_thread_blocked, id=3728, stack(0x0000002531800000,0x0000002531900000)]
  0x000001d425081750 JavaThread "Monitor Deflation Thread" daemon [_thread_blocked, id=15364, stack(0x0000002531900000,0x0000002531a00000)]
  0x000001d425082350 JavaThread "C2 CompilerThread0" daemon [_thread_in_native, id=2264, stack(0x0000002531a00000,0x0000002531b00000)]
  0x000001d42a257260 JavaThread "C1 CompilerThread0" daemon [_thread_blocked, id=15672, stack(0x0000002531b00000,0x0000002531c00000)]
  0x000001d42a25bf40 JavaThread "Sweeper thread" daemon [_thread_blocked, id=12600, stack(0x0000002531c00000,0x0000002531d00000)]
  0x000001d4112785f0 JavaThread "Common-Cleaner" daemon [_thread_blocked, id=18184, stack(0x0000002531d00000,0x0000002531e00000)]
  0x000001d42a479980 JavaThread "Notification Thread" daemon [_thread_blocked, id=14296, stack(0x0000002531e00000,0x0000002531f00000)]
  0x000001d42ad1caf0 JavaThread "Active Thread: Equinox Container: 0a813262-0e91-4f1b-9780-26e734b4134b" [_thread_blocked, id=488, stack(0x0000002532400000,0x0000002532500000)]
  0x000001d42ad8d9f0 JavaThread "Framework Event Dispatcher: Equinox Container: 0a813262-0e91-4f1b-9780-26e734b4134b" daemon [_thread_blocked, id=15272, stack(0x0000002532500000,0x0000002532600000)]
  0x000001d42abd25b0 JavaThread "Start Level: Equinox Container: 0a813262-0e91-4f1b-9780-26e734b4134b" daemon [_thread_in_native, id=16540, stack(0x0000002532600000,0x0000002532700000)]
  0x000001d42b1f17d0 JavaThread "SCR Component Actor" daemon [_thread_blocked, id=11284, stack(0x0000002532700000,0x0000002532800000)]
  0x000001d42ad80440 JavaThread "SCR Component Registry" daemon [_thread_blocked, id=12924, stack(0x0000002532300000,0x0000002532400000)]
  0x000001d42afed3f0 JavaThread "Worker-JM" [_thread_blocked, id=12684, stack(0x0000002532800000,0x0000002532900000)]
  0x000001d42afebaa0 JavaThread "Worker-0" [_thread_blocked, id=15380, stack(0x0000002532900000,0x0000002532a00000)]
  0x000001d42afecee0 JavaThread "Worker-1" [_thread_blocked, id=10244, stack(0x0000002532a00000,0x0000002532b00000)]
=>0x000001d42b1e97a0 JavaThread "C2 CompilerThread1" daemon [_thread_in_native, id=17104, stack(0x0000002532b00000,0x0000002532c00000)]

Other Threads:
  0x000001d4250466b0 VMThread "VM Thread" [stack: 0x0000002531300000,0x0000002531400000] [id=2660]
  0x000001d42a47b930 WatcherThread [stack: 0x0000002531f00000,0x0000002532000000] [id=8312]
  0x000001d41122bd80 GCTaskThread "GC Thread#0" [stack: 0x0000002531200000,0x0000002531300000] [id=12276]
  0x000001d42a9fd5e0 GCTaskThread "GC Thread#1" [stack: 0x0000002532000000,0x0000002532100000] [id=3304]
  0x000001d42a9fdcb0 GCTaskThread "GC Thread#2" [stack: 0x0000002532100000,0x0000002532200000] [id=15068]
  0x000001d42a9fdf70 GCTaskThread "GC Thread#3" [stack: 0x0000002532200000,0x0000002532300000] [id=11728]

Threads with active compile tasks:
C2 CompilerThread0     5685 2294       4       org.lombokweb.asm.ClassReader::readMethod (1066 bytes)
C2 CompilerThread1     5685 2403       4       org.lombokweb.asm.MethodWriter::putMethodInfo (1274 bytes)

VM state: not at safepoint (normal execution)

VM Mutex/Monitor currently owned by a thread: None

Heap address: 0x00000000c0000000, size: 1024 MB, Compressed Oops mode: 32-bit

CDS archive(s) not mapped
Compressed class space mapped at: 0x0000000100000000-0x0000000140000000, reserved size: 1073741824
Narrow klass base: 0x0000000000000000, Narrow klass shift: 3, Narrow klass range: 0x140000000

GC Precious Log:
 CPUs: 4 total, 4 available
 Memory: 12172M
 Large Page Support: Disabled
 NUMA Support: Disabled
 Compressed Oops: Enabled (32-bit)
 Alignments: Space 512K, Generation 512K, Heap 2M
 Heap Min Capacity: 100M
 Heap Initial Capacity: 100M
 Heap Max Capacity: 1G
 Pre-touch: Disabled
 Parallel Workers: 4

Heap:
 PSYoungGen      total 27136K, used 9254K [0x00000000eab00000, 0x00000000ec900000, 0x0000000100000000)
  eden space 24576K, 27% used [0x00000000eab00000,0x00000000eb198f78,0x00000000ec300000)
  from space 2560K, 97% used [0x00000000ec600000,0x00000000ec870940,0x00000000ec880000)
  to   space 3072K, 0% used [0x00000000ec300000,0x00000000ec300000,0x00000000ec600000)
 ParOldGen       total 68608K, used 6867K [0x00000000c0000000, 0x00000000c4300000, 0x00000000eab00000)
  object space 68608K, 10% used [0x00000000c0000000,0x00000000c06b4f58,0x00000000c4300000)
 Metaspace       used 27057K, committed 27520K, reserved 1114112K
  class space    used 2600K, committed 2752K, reserved 1048576K

Card table byte_map: [0x000001d410bb0000,0x000001d410dc0000] _byte_map_base: 0x000001d4105b0000

Marking Bits: (ParMarkBitMap*) 0x00007ffa5540d820
 Begin Bits: [0x000001d422eb0000, 0x000001d423eb0000)
 End Bits:   [0x000001d423eb0000, 0x000001d424eb0000)

Polling page: 0x000001d40f190000

Metaspace:

Usage:
  Non-class:     23.88 MB used.
      Class:      2.54 MB used.
       Both:     26.42 MB used.

Virtual space:
  Non-class space:       64.00 MB reserved,      24.19 MB ( 38%) committed,  1 nodes.
      Class space:        1.00 GB reserved,       2.69 MB ( <1%) committed,  1 nodes.
             Both:        1.06 GB reserved,      26.88 MB (  2%) committed. 

Chunk freelists:
   Non-Class:  7.11 MB
       Class:  13.32 MB
        Both:  20.43 MB

MaxMetaspaceSize: unlimited
CompressedClassSpaceSize: 1.00 GB
Initial GC threshold: 21.00 MB
Current GC threshold: 35.00 MB
CDS: off
MetaspaceReclaimPolicy: balanced
 - commit_granule_bytes: 65536.
 - commit_granule_words: 8192.
 - virtual_space_node_default_size: 8388608.
 - enlarge_chunks_in_place: 1.
 - new_chunks_are_fully_committed: 0.
 - uncommit_free_chunks: 1.
 - use_allocation_guard: 0.
 - handle_deallocations: 1.


Internal statistics:

num_allocs_failed_limit: 3.
num_arena_births: 280.
num_arena_deaths: 14.
num_vsnodes_births: 2.
num_vsnodes_deaths: 0.
num_space_committed: 430.
num_space_uncommitted: 0.
num_chunks_returned_to_freelist: 17.
num_chunks_taken_from_freelist: 1010.
num_chunk_merges: 4.
num_chunk_splits: 660.
num_chunks_enlarged: 463.
num_inconsistent_stats: 0.

CodeHeap 'non-profiled nmethods': size=120000Kb used=1065Kb max_used=1065Kb free=118934Kb
 bounds [0x000001d41b980000, 0x000001d41bbf0000, 0x000001d422eb0000]
CodeHeap 'profiled nmethods': size=120000Kb used=4772Kb max_used=4772Kb free=115227Kb
 bounds [0x000001d413eb0000, 0x000001d414360000, 0x000001d41b3e0000]
CodeHeap 'non-nmethods': size=5760Kb used=1223Kb max_used=1247Kb free=4536Kb
 bounds [0x000001d41b3e0000, 0x000001d41b650000, 0x000001d41b980000]
 total_blobs=2940 nmethods=2404 adapters=450
 compilation: enabled
              stopped_count=0, restarted_count=0
 full_count=0

Compilation events (20 events):
Event: 5.620 Thread 0x000001d42a257260 2400       3       org.lombokweb.asm.MethodWriter::visitTypeInsn (116 bytes)
Event: 5.620 Thread 0x000001d42a257260 nmethod 2400 0x000001d414354310 code [0x000001d414354500, 0x000001d414354988]
Event: 5.621 Thread 0x000001d42b1e97a0 nmethod 2384 0x000001d41ba88990 code [0x000001d41ba88b80, 0x000001d41ba89600]
Event: 5.621 Thread 0x000001d42b1e97a0 2397       4       org.lombokweb.asm.ClassReader::readShort (27 bytes)
Event: 5.621 Thread 0x000001d42a257260 2401       3       org.lombokweb.asm.MethodVisitor::visitLocalVariable (24 bytes)
Event: 5.621 Thread 0x000001d42a257260 nmethod 2401 0x000001d414354b90 code [0x000001d414354d40, 0x000001d414354f48]
Event: 5.622 Thread 0x000001d42b1e97a0 nmethod 2397 0x000001d41ba8a110 code [0x000001d41ba8a280, 0x000001d41ba8a378]
Event: 5.622 Thread 0x000001d42b1e97a0 2403       4       org.lombokweb.asm.MethodWriter::putMethodInfo (1274 bytes)
Event: 5.623 Thread 0x000001d42a257260 2404       3       org.lombokweb.asm.MethodVisitor::visitTypeInsn (17 bytes)
Event: 5.623 Thread 0x000001d42a257260 nmethod 2404 0x000001d414355010 code [0x000001d4143551c0, 0x000001d4143553c8]
Event: 5.623 Thread 0x000001d42a257260 2405       3       org.lombokweb.asm.MethodWriter::endCurrentBasicBlockWithNoSuccessor (98 bytes)
Event: 5.623 Thread 0x000001d42a257260 nmethod 2405 0x000001d414355490 code [0x000001d414355660, 0x000001d414355b18]
Event: 5.633 Thread 0x000001d42a257260 2406       3       java.io.File::slashify (84 bytes)
Event: 5.634 Thread 0x000001d42a257260 nmethod 2406 0x000001d414355d10 code [0x000001d414356020, 0x000001d414356ea8]
Event: 5.634 Thread 0x000001d42a257260 2407       3       jdk.internal.loader.BuiltinClassLoader$2::<init> (15 bytes)
Event: 5.634 Thread 0x000001d42a257260 nmethod 2407 0x000001d414357410 code [0x000001d4143575a0, 0x000001d414357738]
Event: 5.634 Thread 0x000001d42a257260 2408       3       jdk.internal.loader.BuiltinClassLoader$2::run (5 bytes)
Event: 5.635 Thread 0x000001d42a257260 nmethod 2408 0x000001d414357810 code [0x000001d4143579c0, 0x000001d414357b08]
Event: 5.636 Thread 0x000001d42a257260 2409   !   3       jdk.internal.loader.BuiltinClassLoader$2::run (114 bytes)
Event: 5.637 Thread 0x000001d42a257260 nmethod 2409 0x000001d414357b90 code [0x000001d414357e20, 0x000001d414358bd8]

GC Heap History (14 events):
Event: 1.683 GC heap before
{Heap before GC invocations=1 (full 0):
 PSYoungGen      total 29696K, used 25600K [0x00000000eab00000, 0x00000000ecc00000, 0x0000000100000000)
  eden space 25600K, 100% used [0x00000000eab00000,0x00000000ec400000,0x00000000ec400000)
  from space 4096K, 0% used [0x00000000ec800000,0x00000000ec800000,0x00000000ecc00000)
  to   space 4096K, 0% used [0x00000000ec400000,0x00000000ec400000,0x00000000ec800000)
 ParOldGen       total 68608K, used 0K [0x00000000c0000000, 0x00000000c4300000, 0x00000000eab00000)
  object space 68608K, 0% used [0x00000000c0000000,0x00000000c0000000,0x00000000c4300000)
 Metaspace       used 10979K, committed 11200K, reserved 1114112K
  class space    used 1094K, committed 1216K, reserved 1048576K
}
Event: 1.706 GC heap after
{Heap after GC invocations=1 (full 0):
 PSYoungGen      total 29696K, used 3172K [0x00000000eab00000, 0x00000000ecc00000, 0x0000000100000000)
  eden space 25600K, 0% used [0x00000000eab00000,0x00000000eab00000,0x00000000ec400000)
  from space 4096K, 77% used [0x00000000ec400000,0x00000000ec719278,0x00000000ec800000)
  to   space 4096K, 0% used [0x00000000ec800000,0x00000000ec800000,0x00000000ecc00000)
 ParOldGen       total 68608K, used 0K [0x00000000c0000000, 0x00000000c4300000, 0x00000000eab00000)
  object space 68608K, 0% used [0x00000000c0000000,0x00000000c0000000,0x00000000c4300000)
 Metaspace       used 10979K, committed 11200K, reserved 1114112K
  class space    used 1094K, committed 1216K, reserved 1048576K
}
Event: 3.250 GC heap before
{Heap before GC invocations=2 (full 0):
 PSYoungGen      total 29696K, used 28772K [0x00000000eab00000, 0x00000000ecc00000, 0x0000000100000000)
  eden space 25600K, 100% used [0x00000000eab00000,0x00000000ec400000,0x00000000ec400000)
  from space 4096K, 77% used [0x00000000ec400000,0x00000000ec719278,0x00000000ec800000)
  to   space 4096K, 0% used [0x00000000ec800000,0x00000000ec800000,0x00000000ecc00000)
 ParOldGen       total 68608K, used 0K [0x00000000c0000000, 0x00000000c4300000, 0x00000000eab00000)
  object space 68608K, 0% used [0x00000000c0000000,0x00000000c0000000,0x00000000c4300000)
 Metaspace       used 14730K, committed 14976K, reserved 1114112K
  class space    used 1492K, committed 1664K, reserved 1048576K
}
Event: 3.256 GC heap after
{Heap after GC invocations=2 (full 0):
 PSYoungGen      total 29696K, used 4073K [0x00000000eab00000, 0x00000000ecc00000, 0x0000000100000000)
  eden space 25600K, 0% used [0x00000000eab00000,0x00000000eab00000,0x00000000ec400000)
  from space 4096K, 99% used [0x00000000ec800000,0x00000000ecbfa718,0x00000000ecc00000)
  to   space 4096K, 0% used [0x00000000ec400000,0x00000000ec400000,0x00000000ec800000)
 ParOldGen       total 68608K, used 807K [0x00000000c0000000, 0x00000000c4300000, 0x00000000eab00000)
  object space 68608K, 1% used [0x00000000c0000000,0x00000000c00c9ec8,0x00000000c4300000)
 Metaspace       used 14730K, committed 14976K, reserved 1114112K
  class space    used 1492K, committed 1664K, reserved 1048576K
}
Event: 4.332 GC heap before
{Heap before GC invocations=3 (full 0):
 PSYoungGen      total 29696K, used 29673K [0x00000000eab00000, 0x00000000ecc00000, 0x0000000100000000)
  eden space 25600K, 100% used [0x00000000eab00000,0x00000000ec400000,0x00000000ec400000)
  from space 4096K, 99% used [0x00000000ec800000,0x00000000ecbfa718,0x00000000ecc00000)
  to   space 4096K, 0% used [0x00000000ec400000,0x00000000ec400000,0x00000000ec800000)
 ParOldGen       total 68608K, used 807K [0x00000000c0000000, 0x00000000c4300000, 0x00000000eab00000)
  object space 68608K, 1% used [0x00000000c0000000,0x00000000c00c9ec8,0x00000000c4300000)
 Metaspace       used 19774K, committed 20160K, reserved 1114112K
  class space    used 2018K, committed 2176K, reserved 1048576K
}
Event: 4.339 GC heap after
{Heap after GC invocations=3 (full 0):
 PSYoungGen      total 29696K, used 4080K [0x00000000eab00000, 0x00000000ecc00000, 0x0000000100000000)
  eden space 25600K, 0% used [0x00000000eab00000,0x00000000eab00000,0x00000000ec400000)
  from space 4096K, 99% used [0x00000000ec400000,0x00000000ec7fc2d0,0x00000000ec800000)
  to   space 4096K, 0% used [0x00000000ec800000,0x00000000ec800000,0x00000000ecc00000)
 ParOldGen       total 68608K, used 2469K [0x00000000c0000000, 0x00000000c4300000, 0x00000000eab00000)
  object space 68608K, 3% used [0x00000000c0000000,0x00000000c0269718,0x00000000c4300000)
 Metaspace       used 19774K, committed 20160K, reserved 1114112K
  class space    used 2018K, committed 2176K, reserved 1048576K
}
Event: 4.673 GC heap before
{Heap before GC invocations=4 (full 0):
 PSYoungGen      total 29696K, used 11058K [0x00000000eab00000, 0x00000000ecc00000, 0x0000000100000000)
  eden space 25600K, 27% used [0x00000000eab00000,0x00000000eb1d07f0,0x00000000ec400000)
  from space 4096K, 99% used [0x00000000ec400000,0x00000000ec7fc2d0,0x00000000ec800000)
  to   space 4096K, 0% used [0x00000000ec800000,0x00000000ec800000,0x00000000ecc00000)
 ParOldGen       total 68608K, used 2469K [0x00000000c0000000, 0x00000000c4300000, 0x00000000eab00000)
  object space 68608K, 3% used [0x00000000c0000000,0x00000000c0269718,0x00000000c4300000)
 Metaspace       used 21076K, committed 21504K, reserved 1114112K
  class space    used 2164K, committed 2368K, reserved 1048576K
}
Event: 4.678 GC heap after
{Heap after GC invocations=4 (full 0):
 PSYoungGen      total 29696K, used 4074K [0x00000000eab00000, 0x00000000ecc00000, 0x0000000100000000)
  eden space 25600K, 0% used [0x00000000eab00000,0x00000000eab00000,0x00000000ec400000)
  from space 4096K, 99% used [0x00000000ec800000,0x00000000ecbfaae0,0x00000000ecc00000)
  to   space 4096K, 0% used [0x00000000ec400000,0x00000000ec400000,0x00000000ec800000)
 ParOldGen       total 68608K, used 2985K [0x00000000c0000000, 0x00000000c4300000, 0x00000000eab00000)
  object space 68608K, 4% used [0x00000000c0000000,0x00000000c02ea4f0,0x00000000c4300000)
 Metaspace       used 21076K, committed 21504K, reserved 1114112K
  class space    used 2164K, committed 2368K, reserved 1048576K
}
Event: 4.678 GC heap before
{Heap before GC invocations=5 (full 1):
 PSYoungGen      total 29696K, used 4074K [0x00000000eab00000, 0x00000000ecc00000, 0x0000000100000000)
  eden space 25600K, 0% used [0x00000000eab00000,0x00000000eab00000,0x00000000ec400000)
  from space 4096K, 99% used [0x00000000ec800000,0x00000000ecbfaae0,0x00000000ecc00000)
  to   space 4096K, 0% used [0x00000000ec400000,0x00000000ec400000,0x00000000ec800000)
 ParOldGen       total 68608K, used 2985K [0x00000000c0000000, 0x00000000c4300000, 0x00000000eab00000)
  object space 68608K, 4% used [0x00000000c0000000,0x00000000c02ea4f0,0x00000000c4300000)
 Metaspace       used 21076K, committed 21504K, reserved 1114112K
  class space    used 2164K, committed 2368K, reserved 1048576K
}
Event: 4.707 GC heap after
{Heap after GC invocations=5 (full 1):
 PSYoungGen      total 29696K, used 0K [0x00000000eab00000, 0x00000000ecc00000, 0x0000000100000000)
  eden space 25600K, 0% used [0x00000000eab00000,0x00000000eab00000,0x00000000ec400000)
  from space 4096K, 0% used [0x00000000ec800000,0x00000000ec800000,0x00000000ecc00000)
  to   space 4096K, 0% used [0x00000000ec400000,0x00000000ec400000,0x00000000ec800000)
 ParOldGen       total 68608K, used 6859K [0x00000000c0000000, 0x00000000c4300000, 0x00000000eab00000)
  object space 68608K, 9% used [0x00000000c0000000,0x00000000c06b2f58,0x00000000c4300000)
 Metaspace       used 21062K, committed 21504K, reserved 1114112K
  class space    used 2160K, committed 2368K, reserved 1048576K
}
Event: 5.081 GC heap before
{Heap before GC invocations=6 (full 1):
 PSYoungGen      total 29696K, used 25600K [0x00000000eab00000, 0x00000000ecc00000, 0x0000000100000000)
  eden space 25600K, 100% used [0x00000000eab00000,0x00000000ec400000,0x00000000ec400000)
  from space 4096K, 0% used [0x00000000ec800000,0x00000000ec800000,0x00000000ecc00000)
  to   space 4096K, 0% used [0x00000000ec400000,0x00000000ec400000,0x00000000ec800000)
 ParOldGen       total 68608K, used 6859K [0x00000000c0000000, 0x00000000c4300000, 0x00000000eab00000)
  object space 68608K, 9% used [0x00000000c0000000,0x00000000c06b2f58,0x00000000c4300000)
 Metaspace       used 24060K, committed 24512K, reserved 1114112K
  class space    used 2366K, committed 2560K, reserved 1048576K
}
Event: 5.083 GC heap after
{Heap after GC invocations=6 (full 1):
 PSYoungGen      total 26112K, used 686K [0x00000000eab00000, 0x00000000ec880000, 0x0000000100000000)
  eden space 25088K, 0% used [0x00000000eab00000,0x00000000eab00000,0x00000000ec380000)
  from space 1024K, 67% used [0x00000000ec400000,0x00000000ec4ab8d0,0x00000000ec500000)
  to   space 2560K, 0% used [0x00000000ec600000,0x00000000ec600000,0x00000000ec880000)
 ParOldGen       total 68608K, used 6859K [0x00000000c0000000, 0x00000000c4300000, 0x00000000eab00000)
  object space 68608K, 9% used [0x00000000c0000000,0x00000000c06b2f58,0x00000000c4300000)
 Metaspace       used 24060K, committed 24512K, reserved 1114112K
  class space    used 2366K, committed 2560K, reserved 1048576K
}
Event: 5.479 GC heap before
{Heap before GC invocations=7 (full 1):
 PSYoungGen      total 26112K, used 25774K [0x00000000eab00000, 0x00000000ec880000, 0x0000000100000000)
  eden space 25088K, 100% used [0x00000000eab00000,0x00000000ec380000,0x00000000ec380000)
  from space 1024K, 67% used [0x00000000ec400000,0x00000000ec4ab8d0,0x00000000ec500000)
  to   space 2560K, 0% used [0x00000000ec600000,0x00000000ec600000,0x00000000ec880000)
 ParOldGen       total 68608K, used 6859K [0x00000000c0000000, 0x00000000c4300000, 0x00000000eab00000)
  object space 68608K, 9% used [0x00000000c0000000,0x00000000c06b2f58,0x00000000c4300000)
 Metaspace       used 26832K, committed 27328K, reserved 1114112K
  class space    used 2584K, committed 2752K, reserved 1048576K
}
Event: 5.481 GC heap after
{Heap after GC invocations=7 (full 1):
 PSYoungGen      total 27136K, used 2498K [0x00000000eab00000, 0x00000000ec900000, 0x0000000100000000)
  eden space 24576K, 0% used [0x00000000eab00000,0x00000000eab00000,0x00000000ec300000)
  from space 2560K, 97% used [0x00000000ec600000,0x00000000ec870940,0x00000000ec880000)
  to   space 3072K, 0% used [0x00000000ec300000,0x00000000ec300000,0x00000000ec600000)
 ParOldGen       total 68608K, used 6867K [0x00000000c0000000, 0x00000000c4300000, 0x00000000eab00000)
  object space 68608K, 10% used [0x00000000c0000000,0x00000000c06b4f58,0x00000000c4300000)
 Metaspace       used 26832K, committed 27328K, reserved 1114112K
  class space    used 2584K, committed 2752K, reserved 1048576K
}

Dll operation events (9 events):
Event: 0.011 Loaded shared library c:\Users\Msb\.vscode\extensions\redhat.java-1.32.0-win32-x64\jre\17.0.11-win32-x86_64\bin\java.dll
Event: 0.319 Loaded shared library c:\Users\Msb\.vscode\extensions\redhat.java-1.32.0-win32-x64\jre\17.0.11-win32-x86_64\bin\zip.dll
Event: 0.324 Loaded shared library C:\Users\Msb\.vscode\extensions\redhat.java-1.32.0-win32-x64\jre\17.0.11-win32-x86_64\bin\instrument.dll
Event: 0.365 Loaded shared library C:\Users\Msb\.vscode\extensions\redhat.java-1.32.0-win32-x64\jre\17.0.11-win32-x86_64\bin\net.dll
Event: 0.368 Loaded shared library C:\Users\Msb\.vscode\extensions\redhat.java-1.32.0-win32-x64\jre\17.0.11-win32-x86_64\bin\nio.dll
Event: 0.381 Loaded shared library C:\Users\Msb\.vscode\extensions\redhat.java-1.32.0-win32-x64\jre\17.0.11-win32-x86_64\bin\zip.dll
Event: 0.416 Loaded shared library C:\Users\Msb\.vscode\extensions\redhat.java-1.32.0-win32-x64\jre\17.0.11-win32-x86_64\bin\jimage.dll
Event: 0.539 Loaded shared library c:\Users\Msb\.vscode\extensions\redhat.java-1.32.0-win32-x64\jre\17.0.11-win32-x86_64\bin\verify.dll
Event: 2.995 Loaded shared library C:\Users\Msb\AppData\Roaming\Code\User\globalStorage\redhat.java\1.32.0\config_ss_win\org.eclipse.equinox.launcher\org.eclipse.equinox.launcher.win32.win32.x86_64_1.2.1100.v20240613-2013\eclipse_11903.dll

Deoptimization events (20 events):
Event: 4.597 Thread 0x000001d42abd25b0 DEOPT PACKING pc=0x000001d41b9ccef4 sp=0x00000025326f7800
Event: 4.597 Thread 0x000001d42abd25b0 DEOPT UNPACKING pc=0x000001d41b4366a3 sp=0x00000025326f7728 mode 2
Event: 4.628 Thread 0x000001d42abd25b0 Uncommon trap: trap_request=0xffffff45 fr.pc=0x000001d41b9ab148 relative=0x0000000000000048
Event: 4.628 Thread 0x000001d42abd25b0 Uncommon trap: reason=unstable_if action=reinterpret pc=0x000001d41b9ab148 method=java.lang.CharacterData.of(I)Ljava/lang/CharacterData; @ 4 c2
Event: 4.628 Thread 0x000001d42abd25b0 DEOPT PACKING pc=0x000001d41b9ab148 sp=0x00000025326f8770
Event: 4.628 Thread 0x000001d42abd25b0 DEOPT UNPACKING pc=0x000001d41b4366a3 sp=0x00000025326f8708 mode 2
Event: 5.250 Thread 0x000001d42abd25b0 Uncommon trap: trap_request=0xffffff45 fr.pc=0x000001d41ba755bc relative=0x000000000000013c
Event: 5.250 Thread 0x000001d42abd25b0 Uncommon trap: reason=unstable_if action=reinterpret pc=0x000001d41ba755bc method=org.lombokweb.asm.ByteVector.putByteArray([BII)Lorg/lombokweb/asm/ByteVector; @ 20 c2
Event: 5.250 Thread 0x000001d42abd25b0 DEOPT PACKING pc=0x000001d41ba755bc sp=0x00000025326ee920
Event: 5.250 Thread 0x000001d42abd25b0 DEOPT UNPACKING pc=0x000001d41b4366a3 sp=0x00000025326ee8f0 mode 2
Event: 5.250 Thread 0x000001d42abd25b0 Uncommon trap: trap_request=0xffffff45 fr.pc=0x000001d41ba74f74 relative=0x0000000000000354
Event: 5.250 Thread 0x000001d42abd25b0 Uncommon trap: reason=unstable_if action=reinterpret pc=0x000001d41ba74f74 method=org.lombokweb.asm.Label.resolve([BLorg/lombokweb/asm/ByteVector;I)Z @ 81 c2
Event: 5.250 Thread 0x000001d42abd25b0 DEOPT PACKING pc=0x000001d41ba74f74 sp=0x00000025326ee9a0
Event: 5.250 Thread 0x000001d42abd25b0 DEOPT UNPACKING pc=0x000001d41b4366a3 sp=0x00000025326ee8a8 mode 2
Event: 5.252 Thread 0x000001d42abd25b0 Uncommon trap: trap_request=0xffffff45 fr.pc=0x000001d41ba74844 relative=0x0000000000000224
Event: 5.252 Thread 0x000001d42abd25b0 Uncommon trap: reason=unstable_if action=reinterpret pc=0x000001d41ba74844 method=org.lombokweb.asm.Label.resolve([BLorg/lombokweb/asm/ByteVector;I)Z @ 81 c2
Event: 5.252 Thread 0x000001d42abd25b0 DEOPT PACKING pc=0x000001d41ba74844 sp=0x00000025326ee900
Event: 5.252 Thread 0x000001d42abd25b0 DEOPT UNPACKING pc=0x000001d41b4366a3 sp=0x00000025326ee890 mode 2
Event: 5.542 Thread 0x000001d42abd25b0 DEOPT PACKING pc=0x000001d41422f4c3 sp=0x00000025326f61a0
Event: 5.542 Thread 0x000001d42abd25b0 DEOPT UNPACKING pc=0x000001d41b436e43 sp=0x00000025326f56c0 mode 0

Classes unloaded (7 events):
Event: 4.683 Thread 0x000001d4250466b0 Unloading class 0x000000010021a800 'java/lang/invoke/LambdaForm$MH+0x000000010021a800'
Event: 4.683 Thread 0x000001d4250466b0 Unloading class 0x000000010021a400 'java/lang/invoke/LambdaForm$MH+0x000000010021a400'
Event: 4.683 Thread 0x000001d4250466b0 Unloading class 0x000000010021a000 'java/lang/invoke/LambdaForm$MH+0x000000010021a000'
Event: 4.683 Thread 0x000001d4250466b0 Unloading class 0x0000000100219c00 'java/lang/invoke/LambdaForm$MH+0x0000000100219c00'
Event: 4.683 Thread 0x000001d4250466b0 Unloading class 0x0000000100219800 'java/lang/invoke/LambdaForm$BMH+0x0000000100219800'
Event: 4.683 Thread 0x000001d4250466b0 Unloading class 0x0000000100219400 'java/lang/invoke/LambdaForm$DMH+0x0000000100219400'
Event: 4.683 Thread 0x000001d4250466b0 Unloading class 0x0000000100214800 'java/lang/invoke/LambdaForm$DMH+0x0000000100214800'

Classes redefined (0 events):
No events

Internal exceptions (20 events):
Event: 4.128 Thread 0x000001d42abd25b0 Exception <a 'java/lang/NoSuchMethodError'{0x00000000ec053e08}: 'int java.lang.invoke.DirectMethodHandle$Holder.invokeSpecial(java.lang.Object, java.lang.Object, java.lang.Object, int)'> (0x00000000ec053e08) 
thrown [s\src\hotspot\share\interpreter\linkResolver.cpp, line 759]
Event: 4.130 Thread 0x000001d42abd25b0 Exception <a 'java/lang/NoSuchMethodError'{0x00000000ec070560}: 'java.lang.Object java.lang.invoke.DirectMethodHandle$Holder.invokeStatic(java.lang.Object, java.lang.Object, java.lang.Object, java.lang.Object, int)'> (0x00000000ec070560) 
thrown [s\src\hotspot\share\interpreter\linkResolver.cpp, line 759]
Event: 4.131 Thread 0x000001d42abd25b0 Exception <a 'java/lang/NoSuchMethodError'{0x00000000ec07c558}: 'java.lang.Object java.lang.invoke.DelegatingMethodHandle$Holder.reinvoke_L(java.lang.Object, java.lang.Object, java.lang.Object, java.lang.Object, int, int)'> (0x00000000ec07c558) 
thrown [s\src\hotspot\share\interpreter\linkResolver.cpp, line 759]
Event: 4.138 Thread 0x000001d42abd25b0 Exception <a 'java/lang/NoSuchMethodError'{0x00000000ec091418}: 'java.lang.Object java.lang.invoke.Invokers$Holder.invokeExact_MT(java.lang.Object, java.lang.Object, java.lang.Object, java.lang.Object)'> (0x00000000ec091418) 
thrown [s\src\hotspot\share\interpreter\linkResolver.cpp, line 759]
Event: 4.256 Thread 0x000001d42abd25b0 Exception <a 'java/io/FileNotFoundException'{0x00000000ec2041f8}> (0x00000000ec2041f8) 
thrown [s\src\hotspot\share\prims\jni.cpp, line 516]
Event: 4.257 Thread 0x000001d42abd25b0 Exception <a 'java/io/FileNotFoundException'{0x00000000ec20b700}> (0x00000000ec20b700) 
thrown [s\src\hotspot\share\prims\jni.cpp, line 516]
Event: 4.513 Thread 0x000001d42abd25b0 Exception <a 'java/lang/NoSuchMethodError'{0x00000000ead27528}: 'java.lang.Object java.lang.invoke.DirectMethodHandle$Holder.newInvokeSpecial(java.lang.Object, java.lang.Object, java.lang.Object, java.lang.Object, java.lang.Object)'> (0x00000000ead27528) 
thrown [s\src\hotspot\share\interpreter\linkResolver.cpp, line 759]
Event: 4.536 Thread 0x000001d42abd25b0 Exception <a 'java/lang/NoSuchMethodError'{0x00000000eae08248}: 'java.lang.Object java.lang.invoke.DirectMethodHandle$Holder.invokeSpecial(java.lang.Object, java.lang.Object, java.lang.Object, long, java.lang.Object)'> (0x00000000eae08248) 
thrown [s\src\hotspot\share\interpreter\linkResolver.cpp, line 759]
Event: 4.538 Thread 0x000001d42abd25b0 Exception <a 'java/lang/NoSuchMethodError'{0x00000000eae10400}: 'java.lang.Object java.lang.invoke.DirectMethodHandle$Holder.newInvokeSpecial(java.lang.Object, java.lang.Object, java.lang.Object, long)'> (0x00000000eae10400) 
thrown [s\src\hotspot\share\interpreter\linkResolver.cpp, line 759]
Event: 4.539 Thread 0x000001d42abd25b0 Exception <a 'java/lang/NoSuchMethodError'{0x00000000eae149a0}: 'java.lang.Object java.lang.invoke.DirectMethodHandle$Holder.invokeSpecial(java.lang.Object, java.lang.Object, java.lang.Object, java.lang.Object, long)'> (0x00000000eae149a0) 
thrown [s\src\hotspot\share\interpreter\linkResolver.cpp, line 759]
Event: 4.540 Thread 0x000001d42abd25b0 Exception <a 'java/lang/NoSuchMethodError'{0x00000000eae18818}: 'java.lang.Object java.lang.invoke.Invokers$Holder.linkToTargetMethod(java.lang.Object, java.lang.Object, long, java.lang.Object)'> (0x00000000eae18818) 
thrown [s\src\hotspot\share\interpreter\linkResolver.cpp, line 759]
Event: 4.652 Thread 0x000001d42abd25b0 Exception <a 'java/lang/IncompatibleClassChangeError'{0x00000000eb0ba498}: Found class java.lang.Object, but interface was expected> (0x00000000eb0ba498) 
thrown [s\src\hotspot\share\interpreter\linkResolver.cpp, line 826]
Event: 4.653 Thread 0x000001d42abd25b0 Exception <a 'java/lang/NoSuchMethodError'{0x00000000eb0be338}: 'java.lang.Object java.lang.invoke.DirectMethodHandle$Holder.invokeSpecial(java.lang.Object, java.lang.Object, java.lang.Object, int, java.lang.Object, java.lang.Object)'> (0x00000000eb0be338) 
thrown [s\src\hotspot\share\interpreter\linkResolver.cpp, line 759]
Event: 4.655 Thread 0x000001d42abd25b0 Exception <a 'java/lang/NoSuchMethodError'{0x00000000eb0dbb08}: 'java.lang.Object java.lang.invoke.DirectMethodHandle$Holder.newInvokeSpecial(java.lang.Object, java.lang.Object, java.lang.Object, int, java.lang.Object)'> (0x00000000eb0dbb08) 
thrown [s\src\hotspot\share\interpreter\linkResolver.cpp, line 759]
Event: 4.655 Thread 0x000001d42abd25b0 Exception <a 'java/lang/NoSuchMethodError'{0x00000000eb0dff60}: 'java.lang.Object java.lang.invoke.DirectMethodHandle$Holder.invokeSpecial(java.lang.Object, java.lang.Object, java.lang.Object, java.lang.Object, int, java.lang.Object)'> (0x00000000eb0dff60) 
thrown [s\src\hotspot\share\interpreter\linkResolver.cpp, line 759]
Event: 4.656 Thread 0x000001d42afebaa0 Exception <a 'java/lang/NoSuchMethodError'{0x00000000eae952d8}: 'java.lang.Object java.lang.invoke.DirectMethodHandle$Holder.invokeSpecial(java.lang.Object, java.lang.Object, int, java.lang.Object, java.lang.Object)'> (0x00000000eae952d8) 
thrown [s\src\hotspot\share\interpreter\linkResolver.cpp, line 759]
Event: 4.657 Thread 0x000001d42afebaa0 Exception <a 'java/lang/NoSuchMethodError'{0x00000000eae9c9a8}: 'java.lang.Object java.lang.invoke.DirectMethodHandle$Holder.newInvokeSpecial(java.lang.Object, java.lang.Object, int, java.lang.Object)'> (0x00000000eae9c9a8) 
thrown [s\src\hotspot\share\interpreter\linkResolver.cpp, line 759]
Event: 4.658 Thread 0x000001d42afebaa0 Exception <a 'java/lang/NoSuchMethodError'{0x00000000eaea04b8}: 'java.lang.Object java.lang.invoke.DirectMethodHandle$Holder.invokeSpecial(java.lang.Object, java.lang.Object, java.lang.Object, int, java.lang.Object)'> (0x00000000eaea04b8) 
thrown [s\src\hotspot\share\interpreter\linkResolver.cpp, line 759]
Event: 5.153 Thread 0x000001d42abd25b0 Exception <a 'java/lang/NoSuchMethodError'{0x00000000eae96148}: 'int java.lang.invoke.DirectMethodHandle$Holder.invokeStaticInit(java.lang.Object, java.lang.Object, java.lang.Object)'> (0x00000000eae96148) 
thrown [s\src\hotspot\share\interpreter\linkResolver.cpp, line 759]
Event: 5.250 Thread 0x000001d42abd25b0 Implicit null exception at 0x000001d41ba754c9 to 0x000001d41ba7559c

VM Operations (20 events):
Event: 3.250 Executing VM operation: ParallelGCFailedAllocation
Event: 3.256 Executing VM operation: ParallelGCFailedAllocation done
Event: 3.902 Executing VM operation: HandshakeAllThreads
Event: 3.902 Executing VM operation: HandshakeAllThreads done
Event: 4.121 Executing VM operation: HandshakeAllThreads
Event: 4.121 Executing VM operation: HandshakeAllThreads done
Event: 4.331 Executing VM operation: ParallelGCFailedAllocation
Event: 4.340 Executing VM operation: ParallelGCFailedAllocation done
Event: 4.596 Executing VM operation: HandshakeAllThreads
Event: 4.596 Executing VM operation: HandshakeAllThreads done
Event: 4.629 Executing VM operation: HandshakeAllThreads
Event: 4.629 Executing VM operation: HandshakeAllThreads done
Event: 4.673 Executing VM operation: CollectForMetadataAllocation
Event: 4.707 Executing VM operation: CollectForMetadataAllocation done
Event: 4.708 Executing VM operation: HandshakeAllThreads
Event: 4.708 Executing VM operation: HandshakeAllThreads done
Event: 5.081 Executing VM operation: ParallelGCFailedAllocation
Event: 5.083 Executing VM operation: ParallelGCFailedAllocation done
Event: 5.479 Executing VM operation: ParallelGCFailedAllocation
Event: 5.481 Executing VM operation: ParallelGCFailedAllocation done

Events (20 events):
Event: 4.773 loading class java/util/zip/GZIPInputStream done
Event: 4.802 loading class java/io/StringReader
Event: 4.802 loading class java/io/StringReader done
Event: 4.806 loading class java/net/SocketTimeoutException
Event: 4.806 loading class java/io/InterruptedIOException
Event: 4.806 loading class java/io/InterruptedIOException done
Event: 4.806 loading class java/net/SocketTimeoutException done
Event: 4.806 loading class java/net/SocketException
Event: 4.806 loading class java/net/SocketException done
Event: 4.806 loading class java/net/UnknownHostException
Event: 4.806 loading class java/net/UnknownHostException done
Event: 4.806 loading class java/net/ProtocolException
Event: 4.807 loading class java/net/ProtocolException done
Event: 4.833 loading class java/lang/ThreadLocal$SuppliedThreadLocal
Event: 4.833 loading class java/lang/ThreadLocal$SuppliedThreadLocal done
Event: 4.844 loading class java/io/FileWriter
Event: 4.844 loading class java/io/FileWriter done
Event: 4.844 loading class java/lang/NegativeArraySizeException
Event: 4.844 loading class java/lang/NegativeArraySizeException done
Event: 4.906 Thread 0x000001d42b1e97a0 Thread added: 0x000001d42b1e97a0


Dynamic libraries:
0x00007ff671dc0000 - 0x00007ff671dce000 	c:\Users\Msb\.vscode\extensions\redhat.java-1.32.0-win32-x64\jre\17.0.11-win32-x86_64\bin\java.exe
0x00007ffad9450000 - 0x00007ffad9648000 	C:\Windows\SYSTEM32\ntdll.dll
0x00007ffad82a0000 - 0x00007ffad8361000 	C:\Windows\System32\KERNEL32.DLL
0x00007ffad6e70000 - 0x00007ffad7166000 	C:\Windows\System32\KERNELBASE.dll
0x00007ffad6b00000 - 0x00007ffad6c00000 	C:\Windows\System32\ucrtbase.dll
0x00007ffaaf720000 - 0x00007ffaaf737000 	c:\Users\Msb\.vscode\extensions\redhat.java-1.32.0-win32-x64\jre\17.0.11-win32-x86_64\bin\jli.dll
0x00007ffaaf7b0000 - 0x00007ffaaf7cb000 	c:\Users\Msb\.vscode\extensions\redhat.java-1.32.0-win32-x64\jre\17.0.11-win32-x86_64\bin\VCRUNTIME140.dll
0x00007ffad8560000 - 0x00007ffad86ff000 	C:\Windows\System32\USER32.dll
0x00007ffad6d70000 - 0x00007ffad6d92000 	C:\Windows\System32\win32u.dll
0x00007ffad8ee0000 - 0x00007ffad8f0b000 	C:\Windows\System32\GDI32.dll
0x00007ffabbff0000 - 0x00007ffabc28a000 	C:\Windows\WinSxS\amd64_microsoft.windows.common-controls_6595b64144ccf1df_6.0.19041.4355_none_60b8b9eb71f62e16\COMCTL32.dll
0x00007ffad6c50000 - 0x00007ffad6d67000 	C:\Windows\System32\gdi32full.dll
0x00007ffad9270000 - 0x00007ffad930e000 	C:\Windows\System32\msvcrt.dll
0x00007ffad6dd0000 - 0x00007ffad6e6d000 	C:\Windows\System32\msvcp_win.dll
0x00007ffad9310000 - 0x00007ffad933f000 	C:\Windows\System32\IMM32.DLL
0x00007ffabd5a0000 - 0x00007ffabd5ac000 	c:\Users\Msb\.vscode\extensions\redhat.java-1.32.0-win32-x64\jre\17.0.11-win32-x86_64\bin\vcruntime140_1.dll
0x00007ffa9bbf0000 - 0x00007ffa9bc7d000 	c:\Users\Msb\.vscode\extensions\redhat.java-1.32.0-win32-x64\jre\17.0.11-win32-x86_64\bin\msvcp140.dll
0x00007ffa54870000 - 0x00007ffa554d2000 	c:\Users\Msb\.vscode\extensions\redhat.java-1.32.0-win32-x64\jre\17.0.11-win32-x86_64\bin\server\jvm.dll
0x00007ffad8060000 - 0x00007ffad8110000 	C:\Windows\System32\ADVAPI32.dll
0x00007ffad8200000 - 0x00007ffad82a0000 	C:\Windows\System32\sechost.dll
0x00007ffad8370000 - 0x00007ffad8493000 	C:\Windows\System32\RPCRT4.dll
0x00007ffad6da0000 - 0x00007ffad6dc7000 	C:\Windows\System32\bcrypt.dll
0x00007ffad6050000 - 0x00007ffad609b000 	C:\Windows\SYSTEM32\POWRPROF.dll
0x00007ffab5de0000 - 0x00007ffab5de9000 	C:\Windows\SYSTEM32\WSOCK32.dll
0x00007ffad8190000 - 0x00007ffad81fb000 	C:\Windows\System32\WS2_32.dll
0x00007ffabeae0000 - 0x00007ffabeb07000 	C:\Windows\SYSTEM32\WINMM.dll
0x00007ffad0da0000 - 0x00007ffad0daa000 	C:\Windows\SYSTEM32\VERSION.dll
0x00007ffad5eb0000 - 0x00007ffad5ec2000 	C:\Windows\SYSTEM32\UMPDC.dll
0x00007ffad4940000 - 0x00007ffad4952000 	C:\Windows\SYSTEM32\kernel.appcore.dll
0x00007ffabb990000 - 0x00007ffabb99a000 	c:\Users\Msb\.vscode\extensions\redhat.java-1.32.0-win32-x64\jre\17.0.11-win32-x86_64\bin\jimage.dll
0x00007ffacc2e0000 - 0x00007ffacc4c4000 	C:\Windows\SYSTEM32\DBGHELP.DLL
0x00007ffacc090000 - 0x00007ffacc0c4000 	C:\Windows\SYSTEM32\dbgcore.DLL
0x00007ffad73f0000 - 0x00007ffad7472000 	C:\Windows\System32\bcryptPrimitives.dll
0x00007ffabb680000 - 0x00007ffabb68e000 	c:\Users\Msb\.vscode\extensions\redhat.java-1.32.0-win32-x64\jre\17.0.11-win32-x86_64\bin\instrument.dll
0x00007ffaa4c00000 - 0x00007ffaa4c25000 	c:\Users\Msb\.vscode\extensions\redhat.java-1.32.0-win32-x64\jre\17.0.11-win32-x86_64\bin\java.dll
0x00007ffaae880000 - 0x00007ffaae898000 	c:\Users\Msb\.vscode\extensions\redhat.java-1.32.0-win32-x64\jre\17.0.11-win32-x86_64\bin\zip.dll
0x00007ffad78f0000 - 0x00007ffad805c000 	C:\Windows\System32\SHELL32.dll
0x00007ffad4b40000 - 0x00007ffad52de000 	C:\Windows\SYSTEM32\windows.storage.dll
0x00007ffad8f10000 - 0x00007ffad9263000 	C:\Windows\System32\combase.dll
0x00007ffad6520000 - 0x00007ffad654e000 	C:\Windows\SYSTEM32\Wldp.dll
0x00007ffad9340000 - 0x00007ffad940d000 	C:\Windows\System32\OLEAUT32.dll
0x00007ffad84b0000 - 0x00007ffad855d000 	C:\Windows\System32\SHCORE.dll
0x00007ffad75b0000 - 0x00007ffad7605000 	C:\Windows\System32\shlwapi.dll
0x00007ffad6a30000 - 0x00007ffad6a54000 	C:\Windows\SYSTEM32\profapi.dll
0x00007ffaab650000 - 0x00007ffaab669000 	C:\Users\Msb\.vscode\extensions\redhat.java-1.32.0-win32-x64\jre\17.0.11-win32-x86_64\bin\net.dll
0x00007ffacf460000 - 0x00007ffacf56a000 	C:\Windows\SYSTEM32\WINHTTP.dll
0x00007ffad6230000 - 0x00007ffad629a000 	C:\Windows\system32\mswsock.dll
0x00007ffaa6e40000 - 0x00007ffaa6e56000 	C:\Users\Msb\.vscode\extensions\redhat.java-1.32.0-win32-x64\jre\17.0.11-win32-x86_64\bin\nio.dll
0x00007ffabb0b0000 - 0x00007ffabb0c0000 	c:\Users\Msb\.vscode\extensions\redhat.java-1.32.0-win32-x64\jre\17.0.11-win32-x86_64\bin\verify.dll
0x00007ffab9000000 - 0x00007ffab9044000 	C:\Users\Msb\AppData\Roaming\Code\User\globalStorage\redhat.java\1.32.0\config_ss_win\org.eclipse.equinox.launcher\org.eclipse.equinox.launcher.win32.win32.x86_64_1.2.1100.v20240613-2013\eclipse_11903.dll
0x00007ffad7480000 - 0x00007ffad75ab000 	C:\Windows\System32\ole32.dll

dbghelp: loaded successfully - version: 4.0.5 - missing functions: none
symbol engine: initialized successfully - sym options: 0x614 - pdb path: .;c:\Users\Msb\.vscode\extensions\redhat.java-1.32.0-win32-x64\jre\17.0.11-win32-x86_64\bin;C:\Windows\SYSTEM32;C:\Windows\WinSxS\amd64_microsoft.windows.common-controls_6595b64144ccf1df_6.0.19041.4355_none_60b8b9eb71f62e16;c:\Users\Msb\.vscode\extensions\redhat.java-1.32.0-win32-x64\jre\17.0.11-win32-x86_64\bin\server;C:\Users\Msb\AppData\Roaming\Code\User\globalStorage\redhat.java\1.32.0\config_ss_win\org.eclipse.equinox.launcher\org.eclipse.equinox.launcher.win32.win32.x86_64_1.2.1100.v20240613-2013

VM Arguments:
jvm_args: --add-modules=ALL-SYSTEM --add-opens=java.base/java.util=ALL-UNNAMED --add-opens=java.base/java.lang=ALL-UNNAMED --add-opens=java.base/sun.nio.fs=ALL-UNNAMED -Declipse.application=org.eclipse.jdt.ls.core.id1 -Dosgi.bundles.defaultStartLevel=4 -Declipse.product=org.eclipse.jdt.ls.core.product -Djava.import.generatesMetadataFilesAtProjectRoot=false -DDetectVMInstallationsJob.disabled=true -Dfile.encoding=utf8 -XX:+UseParallelGC -XX:GCTimeRatio=4 -XX:AdaptiveSizePolicyWeight=90 -Dsun.zip.disableMemoryMapping=true -Xmx1G -Xms100m -Xlog:disable -javaagent:c:\Users\Msb\.vscode\extensions\redhat.java-1.32.0-win32-x64\lombok\lombok-1.18.33.jar 
java_command: c:\Users\Msb\.vscode\extensions\redhat.java-1.32.0-win32-x64\server\plugins\org.eclipse.equinox.launcher_1.6.900.v20240613-2009.jar -configuration c:\Users\Msb\AppData\Roaming\Code\User\globalStorage\redhat.java\1.32.0\config_ss_win -data c:\Users\Msb\AppData\Roaming\Code\User\workspaceStorage\de65c382bbab666cbab8920842b12c40\redhat.java\ss_ws --pipe=\\.\pipe\lsp-eab7ee835368fa08a7e117e9f5d19e7a-sock
java_class_path (initial): c:\Users\Msb\.vscode\extensions\redhat.java-1.32.0-win32-x64\server\plugins\org.eclipse.equinox.launcher_1.6.900.v20240613-2009.jar
Launcher Type: SUN_STANDARD

[Global flags]
    uintx AdaptiveSizePolicyWeight                 = 90                                        {product} {command line}
     intx CICompilerCount                          = 3                                         {product} {ergonomic}
    uintx GCTimeRatio                              = 4                                         {product} {command line}
   size_t InitialHeapSize                          = 104857600                                 {product} {command line}
   size_t MaxHeapSize                              = 1073741824                                {product} {command line}
   size_t MaxNewSize                               = 357564416                                 {product} {ergonomic}
   size_t MinHeapDeltaBytes                        = 524288                                    {product} {ergonomic}
   size_t MinHeapSize                              = 104857600                                 {product} {command line}
   size_t NewSize                                  = 34603008                                  {product} {ergonomic}
    uintx NonNMethodCodeHeapSize                   = 5832780                                {pd product} {ergonomic}
    uintx NonProfiledCodeHeapSize                  = 122912730                              {pd product} {ergonomic}
   size_t OldSize                                  = 70254592                                  {product} {ergonomic}
    uintx ProfiledCodeHeapSize                     = 122912730                              {pd product} {ergonomic}
    uintx ReservedCodeCacheSize                    = 251658240                              {pd product} {ergonomic}
     bool SegmentedCodeCache                       = true                                      {product} {ergonomic}
   size_t SoftMaxHeapSize                          = 1073741824                             {manageable} {ergonomic}
     bool UseCompressedClassPointers               = true                           {product lp64_product} {ergonomic}
     bool UseCompressedOops                        = true                           {product lp64_product} {ergonomic}
     bool UseLargePagesIndividualAllocation        = false                                  {pd product} {ergonomic}
     bool UseParallelGC                            = true                                      {product} {command line}

Logging:
Log output configuration:
 #0: stdout all=off uptime,level,tags
 #1: stderr all=off uptime,level,tags

Environment Variables:
JAVA_HOME=C:\Program Files\Java\jdk-22
PATH=C:\Program Files\Common Files\Oracle\Java\javapath;C:\Windows\system32;C:\Windows;C:\Windows\System32\Wbem;C:\Windows\System32\WindowsPowerShell\v1.0\;C:\Windows\System32\OpenSSH\;C:\Program Files\Git\cmd;C:\Program Files\Docker\Docker\resources\bin;C:\Program Files\PuTTY\;C:\Program Files\Amazon\AWSCLIV2\;C:\Program Files\apache-maven-3.9.5\bin;C:\ProgramData\chocolatey\bin;C:\Program Files\nodejs\;C:\Program Files\MySQL\MySQL Shell 8.0\bin\;C:\Users\Msb\AppData\Local\Programs\Python\Python310\Scripts\;C:\Users\Msb\AppData\Local\Programs\Python\Python310\;C:\Users\Msb\AppData\Local\Microsoft\WindowsApps;C:\Users\Msb\AppData\Local\Programs\Microsoft VS Code\bin;C:\Users\Msb\AppData\Roaming\npm
USERNAME=Msb
OS=Windows_NT
PROCESSOR_IDENTIFIER=Intel64 Family 6 Model 142 Stepping 9, GenuineIntel
TMP=C:\Users\Msb\AppData\Local\Temp
TEMP=C:\Users\Msb\AppData\Local\Temp



Periodic native trim disabled


---------------  S Y S T E M  ---------------

OS:
 Windows 10 , 64 bit Build 19041 (10.0.19041.4597)
OS uptime: 12 days 23:06 hours
Hyper-V role detected

CPU: total 4 (initial active 4) (2 cores per cpu, 2 threads per core) family 6 model 142 stepping 9 microcode 0xb4, cx8, cmov, fxsr, ht, mmx, 3dnowpref, sse, sse2, sse3, ssse3, sse4.1, sse4.2, popcnt, lzcnt, tsc, tscinvbit, avx, avx2, aes, erms, clmul, bmi1, bmi2, adx, fma, vzeroupper, clflush, clflushopt, hv
Processor Information for all 4 processors :
  Max Mhz: 2904, Current Mhz: 2703, Mhz Limit: 2700

Memory: 4k page, system-wide physical 12172M (641M free)
TotalPageFile size 18434M (AvailPageFile size 5M)
current process WorkingSet (physical memory assigned to process): 133M, peak: 133M
current process commit charge ("private bytes"): 229M, peak: 230M

vm_info: OpenJDK 64-Bit Server VM (17.0.11+9) for windows-amd64 JRE (17.0.11+9), built on Apr 17 2024 06:07:48 by "admin" with MS VC++ 16.10 / 16.11 (VS2019)

END.
