#
# There is insufficient memory for the Java Runtime Environment to continue.
# Native memory allocation (malloc) failed to allocate 32784 bytes. Error detail: Chunk::new
# Possible reasons:
#   The system is out of physical RAM or swap space
#   This process is running with CompressedOops enabled, and the Java Heap may be blocking the growth of the native heap
# Possible solutions:
#   Reduce memory load on the system
#   Increase physical memory or swap space
#   Check if swap backing store is full
#   Decrease Java heap size (-Xmx/-Xms)
#   Decrease number of Java threads
#   Decrease Java thread stack sizes (-Xss)
#   Set larger code cache with -XX:ReservedCodeCacheSize=
#   JVM is running with Unscaled Compressed Oops mode in which the Java heap is
#     placed in the first 4GB address space. The Java Heap base address is the
#     maximum limit for the native heap growth. Please use -XX:HeapBaseMinAddress
#     to set the Java Heap base and to place the Java Heap above 4GB virtual address.
# This output file may be truncated or incomplete.
#
#  Out of Memory Error (arena.cpp:191), pid=9988, tid=2660
#
# JRE version: OpenJDK Runtime Environment Temurin-17.0.11+9 (17.0.11+9) (build 17.0.11+9)
# Java VM: OpenJDK 64-Bit Server VM Temurin-17.0.11+9 (17.0.11+9, mixed mode, tiered, compressed oops, compressed class ptrs, parallel gc, windows-amd64)
# No core dump will be written. Minidumps are not enabled by default on client versions of Windows
#

---------------  S U M M A R Y ------------

Command Line: --add-modules=ALL-SYSTEM --add-opens=java.base/java.util=ALL-UNNAMED --add-opens=java.base/java.lang=ALL-UNNAMED --add-opens=java.base/sun.nio.fs=ALL-UNNAMED -Declipse.application=org.eclipse.jdt.ls.core.id1 -Dosgi.bundles.defaultStartLevel=4 -Declipse.product=org.eclipse.jdt.ls.core.product -Djava.import.generatesMetadataFilesAtProjectRoot=false -DDetectVMInstallationsJob.disabled=true -Dfile.encoding=utf8 -XX:+UseParallelGC -XX:GCTimeRatio=4 -XX:AdaptiveSizePolicyWeight=90 -Dsun.zip.disableMemoryMapping=true -Xmx1G -Xms100m -Xlog:disable -javaagent:c:\Users\Msb\.vscode\extensions\redhat.java-1.32.0-win32-x64\lombok\lombok-1.18.33.jar c:\Users\Msb\.vscode\extensions\redhat.java-1.32.0-win32-x64\server\plugins\org.eclipse.equinox.launcher_1.6.900.v20240613-2009.jar -configuration c:\Users\Msb\AppData\Roaming\Code\User\globalStorage\redhat.java\1.32.0\config_ss_win -data c:\Users\Msb\AppData\Roaming\Code\User\workspaceStorage\de65c382bbab666cbab8920842b12c40\redhat.java\ss_ws --pipe=\\.\pipe\lsp-ac6268caf6dfecbae64e03b86812c931-sock

Host: Intel(R) Core(TM) i7-7500U CPU @ 2.70GHz, 4 cores, 11G,  Windows 10 , 64 bit Build 19041 (10.0.19041.4597)
Time: Thu Jul 25 17:15:46 2024 India Standard Time elapsed time: 1.218593 seconds (0d 0h 0m 1s)

---------------  T H R E A D  ---------------

Current thread (0x0000022d7e7b3270):  JavaThread "C2 CompilerThread0" daemon [_thread_in_native, id=2660, stack(0x000000b90bc00000,0x000000b90bd00000)]


Current CompileTask:
C2:   1218  614       4       lombok.patcher.scripts.MethodLevelPatchScript::patch (21 bytes)

Stack: [0x000000b90bc00000,0x000000b90bd00000]
Native frames: (J=compiled Java code, j=interpreted, Vv=VM code, C=native code)
V  [jvm.dll+0x67d429]
V  [jvm.dll+0x834b7a]
V  [jvm.dll+0x83663e]
V  [jvm.dll+0x836ca3]
V  [jvm.dll+0x247dbf]
V  [jvm.dll+0xac534]
V  [jvm.dll+0xacb7c]
V  [jvm.dll+0xac63b]
V  [jvm.dll+0x65ac7c]
V  [jvm.dll+0x592083]
V  [jvm.dll+0x57a7b9]
V  [jvm.dll+0x57de07]
V  [jvm.dll+0x57d55d]
V  [jvm.dll+0x57d5c9]
V  [jvm.dll+0x585194]
V  [jvm.dll+0x222d82]
V  [jvm.dll+0x22317f]
V  [jvm.dll+0x21c2a0]
V  [jvm.dll+0x2197a1]
V  [jvm.dll+0x1a534d]
V  [jvm.dll+0x2295cd]
V  [jvm.dll+0x22779c]
V  [jvm.dll+0x7e9d07]
V  [jvm.dll+0x7e410a]
V  [jvm.dll+0x67c315]
C  [ucrtbase.dll+0x21bb2]
C  [KERNEL32.DLL+0x17374]
C  [ntdll.dll+0x4cc91]


---------------  P R O C E S S  ---------------

Threads class SMR info:
_java_thread_list=0x0000022d192186c0, length=13, elements={
0x0000022d7e523e30, 0x0000022d7e786760, 0x0000022d7e788190, 0x0000022d7e7ad560,
0x0000022d7e7b0200, 0x0000022d7e7b0d90, 0x0000022d7e7b2670, 0x0000022d7e7b3270,
0x0000022d18e27b90, 0x0000022d18e3e860, 0x0000022d7e585610, 0x0000022d19104010,
0x0000022d19023720
}

Java Threads: ( => current thread )
  0x0000022d7e523e30 JavaThread "main" [_thread_in_vm, id=11284, stack(0x000000b90b300000,0x000000b90b400000)]
  0x0000022d7e786760 JavaThread "Reference Handler" daemon [_thread_blocked, id=13148, stack(0x000000b90b600000,0x000000b90b700000)]
  0x0000022d7e788190 JavaThread "Finalizer" daemon [_thread_blocked, id=3536, stack(0x000000b90b700000,0x000000b90b800000)]
  0x0000022d7e7ad560 JavaThread "Signal Dispatcher" daemon [_thread_blocked, id=12900, stack(0x000000b90b800000,0x000000b90b900000)]
  0x0000022d7e7b0200 JavaThread "Attach Listener" daemon [_thread_blocked, id=9804, stack(0x000000b90b900000,0x000000b90ba00000)]
  0x0000022d7e7b0d90 JavaThread "Service Thread" daemon [_thread_blocked, id=10436, stack(0x000000b90ba00000,0x000000b90bb00000)]
  0x0000022d7e7b2670 JavaThread "Monitor Deflation Thread" daemon [_thread_blocked, id=3728, stack(0x000000b90bb00000,0x000000b90bc00000)]
=>0x0000022d7e7b3270 JavaThread "C2 CompilerThread0" daemon [_thread_in_native, id=2660, stack(0x000000b90bc00000,0x000000b90bd00000)]
  0x0000022d18e27b90 JavaThread "C1 CompilerThread0" daemon [_thread_in_native, id=11876, stack(0x000000b90bd00000,0x000000b90be00000)]
  0x0000022d18e3e860 JavaThread "Sweeper thread" daemon [_thread_blocked, id=11900, stack(0x000000b90be00000,0x000000b90bf00000)]
  0x0000022d7e585610 JavaThread "Common-Cleaner" daemon [_thread_blocked, id=16392, stack(0x000000b90bf00000,0x000000b90c000000)]
  0x0000022d19104010 JavaThread "Notification Thread" daemon [_thread_blocked, id=11232, stack(0x000000b90c000000,0x000000b90c100000)]
  0x0000022d19023720 JavaThread "C2 CompilerThread1" daemon [_thread_in_native, id=17956, stack(0x000000b90c200000,0x000000b90c300000)]

Other Threads:
  0x0000022d7e5de060 VMThread "VM Thread" [stack: 0x000000b90b500000,0x000000b90b600000] [id=7140]
  0x0000022d191044f0 WatcherThread [stack: 0x000000b90c100000,0x000000b90c200000] [id=8500]
  0x0000022d7e538a40 GCTaskThread "GC Thread#0" [stack: 0x000000b90b400000,0x000000b90b500000] [id=14844]

Threads with active compile tasks:
C2 CompilerThread0     1248  614       4       lombok.patcher.scripts.MethodLevelPatchScript::patch (21 bytes)
C1 CompilerThread0     1248  624       3       sun.security.provider.ByteArrayAccess::b2iBig64 (231 bytes)
C2 CompilerThread1     1248  613       4       lombok.patcher.PatchScript::classMatches (41 bytes)

VM state: not at safepoint (normal execution)

VM Mutex/Monitor currently owned by a thread: None

Heap address: 0x00000000c0000000, size: 1024 MB, Compressed Oops mode: 32-bit

CDS archive(s) not mapped
Compressed class space mapped at: 0x0000000100000000-0x0000000140000000, reserved size: 1073741824
Narrow klass base: 0x0000000000000000, Narrow klass shift: 3, Narrow klass range: 0x140000000

GC Precious Log:
 CPUs: 4 total, 4 available
 Memory: 12172M
 Large Page Support: Disabled
 NUMA Support: Disabled
 Compressed Oops: Enabled (32-bit)
 Alignments: Space 512K, Generation 512K, Heap 2M
 Heap Min Capacity: 100M
 Heap Initial Capacity: 100M
 Heap Max Capacity: 1G
 Pre-touch: Disabled
 Parallel Workers: 4

Heap:
 PSYoungGen      total 29696K, used 13612K [0x00000000eab00000, 0x00000000ecc00000, 0x0000000100000000)
  eden space 25600K, 53% used [0x00000000eab00000,0x00000000eb84b0c0,0x00000000ec400000)
  from space 4096K, 0% used [0x00000000ec800000,0x00000000ec800000,0x00000000ecc00000)
  to   space 4096K, 0% used [0x00000000ec400000,0x00000000ec400000,0x00000000ec800000)
 ParOldGen       total 68608K, used 0K [0x00000000c0000000, 0x00000000c4300000, 0x00000000eab00000)
  object space 68608K, 0% used [0x00000000c0000000,0x00000000c0000000,0x00000000c4300000)
 Metaspace       used 8986K, committed 9088K, reserved 1114112K
  class space    used 885K, committed 960K, reserved 1048576K

Card table byte_map: [0x0000022d7dec0000,0x0000022d7e0d0000] _byte_map_base: 0x0000022d7d8c0000

Marking Bits: (ParMarkBitMap*) 0x00007ffa5540d820
 Begin Bits: [0x0000022d11be0000, 0x0000022d12be0000)
 End Bits:   [0x0000022d12be0000, 0x0000022d13be0000)

Polling page: 0x0000022d7c3f0000

Metaspace:

Usage:
  Non-class:      7.91 MB used.
      Class:    885.55 KB used.
       Both:      8.78 MB used.

Virtual space:
  Non-class space:       64.00 MB reserved,       7.94 MB ( 12%) committed,  1 nodes.
      Class space:        1.00 GB reserved,     960.00 KB ( <1%) committed,  1 nodes.
             Both:        1.06 GB reserved,       8.88 MB ( <1%) committed. 

Chunk freelists:
   Non-Class:  7.94 MB
       Class:  15.08 MB
        Both:  23.02 MB

MaxMetaspaceSize: unlimited
CompressedClassSpaceSize: 1.00 GB
Initial GC threshold: 21.00 MB
Current GC threshold: 21.00 MB
CDS: off
MetaspaceReclaimPolicy: balanced
 - commit_granule_bytes: 65536.
 - commit_granule_words: 8192.
 - virtual_space_node_default_size: 8388608.
 - enlarge_chunks_in_place: 1.
 - new_chunks_are_fully_committed: 0.
 - uncommit_free_chunks: 1.
 - use_allocation_guard: 0.
 - handle_deallocations: 1.


Internal statistics:

num_allocs_failed_limit: 0.
num_arena_births: 10.
num_arena_deaths: 0.
num_vsnodes_births: 2.
num_vsnodes_deaths: 0.
num_space_committed: 142.
num_space_uncommitted: 0.
num_chunks_returned_to_freelist: 0.
num_chunks_taken_from_freelist: 44.
num_chunk_merges: 0.
num_chunk_splits: 26.
num_chunks_enlarged: 24.
num_inconsistent_stats: 0.

CodeHeap 'non-profiled nmethods': size=120000Kb used=225Kb max_used=225Kb free=119774Kb
 bounds [0x0000022d0a6b0000, 0x0000022d0a920000, 0x0000022d11be0000]
CodeHeap 'profiled nmethods': size=120000Kb used=897Kb max_used=897Kb free=119102Kb
 bounds [0x0000022d02be0000, 0x0000022d02e50000, 0x0000022d0a110000]
CodeHeap 'non-nmethods': size=5760Kb used=1133Kb max_used=1146Kb free=4626Kb
 bounds [0x0000022d0a110000, 0x0000022d0a380000, 0x0000022d0a6b0000]
 total_blobs=1042 nmethods=620 adapters=337
 compilation: enabled
              stopped_count=0, restarted_count=0
 full_count=0

Compilation events (20 events):
Event: 1.197 Thread 0x0000022d18e27b90 nmethod 611 0x0000022d02cbd310 code [0x0000022d02cbd500, 0x0000022d02cbda18]
Event: 1.197 Thread 0x0000022d18e27b90  612       3       java.lang.invoke.VarHandleByteArrayAsInts$ArrayHandle::index (12 bytes)
Event: 1.198 Thread 0x0000022d18e27b90 nmethod 612 0x0000022d02cbdc10 code [0x0000022d02cbddc0, 0x0000022d02cbdfc8]
Event: 1.199 Thread 0x0000022d19023720  613       4       lombok.patcher.PatchScript::classMatches (41 bytes)
Event: 1.199 Thread 0x0000022d7e7b3270  614       4       lombok.patcher.scripts.MethodLevelPatchScript::patch (21 bytes)
Event: 1.201 Thread 0x0000022d18e27b90  616       3       java.lang.String::valueOf (15 bytes)
Event: 1.202 Thread 0x0000022d18e27b90 nmethod 616 0x0000022d02cbe110 code [0x0000022d02cbe2c0, 0x0000022d02cbe4c8]
Event: 1.202 Thread 0x0000022d18e27b90  617       3       java.util.HashMap$EntryIterator::next (5 bytes)
Event: 1.202 Thread 0x0000022d18e27b90 nmethod 617 0x0000022d02cbe590 code [0x0000022d02cbe740, 0x0000022d02cbe8c8]
Event: 1.203 Thread 0x0000022d18e27b90  619       3       java.security.Provider$ServiceKey::<init> (39 bytes)
Event: 1.204 Thread 0x0000022d18e27b90 nmethod 619 0x0000022d02cbe990 code [0x0000022d02cbeb80, 0x0000022d02cbefc8]
Event: 1.204 Thread 0x0000022d18e27b90  620       3       java.security.Provider$ServiceKey::hashCode (19 bytes)
Event: 1.205 Thread 0x0000022d18e27b90 nmethod 620 0x0000022d02cbf190 code [0x0000022d02cbf340, 0x0000022d02cbf4d8]
Event: 1.205 Thread 0x0000022d18e27b90  621       1       java.security.Provider$UString::toString (5 bytes)
Event: 1.205 Thread 0x0000022d18e27b90 nmethod 621 0x0000022d0a6e7f90 code [0x0000022d0a6e8120, 0x0000022d0a6e81f8]
Event: 1.205 Thread 0x0000022d18e27b90  622       1       java.security.Provider$Service::getProvider (5 bytes)
Event: 1.205 Thread 0x0000022d18e27b90 nmethod 622 0x0000022d0a6e8290 code [0x0000022d0a6e8420, 0x0000022d0a6e84f8]
Event: 1.211 Thread 0x0000022d18e27b90  623       3       sun.security.provider.SHA2::implCompress0 (490 bytes)
Event: 1.212 Thread 0x0000022d18e27b90 nmethod 623 0x0000022d02cbf610 code [0x0000022d02cbf800, 0x0000022d02cc0068]
Event: 1.213 Thread 0x0000022d18e27b90  624       3       sun.security.provider.ByteArrayAccess::b2iBig64 (231 bytes)

GC Heap History (0 events):
No events

Dll operation events (8 events):
Event: 0.098 Loaded shared library c:\Users\Msb\.vscode\extensions\redhat.java-1.32.0-win32-x64\jre\17.0.11-win32-x86_64\bin\java.dll
Event: 0.521 Loaded shared library c:\Users\Msb\.vscode\extensions\redhat.java-1.32.0-win32-x64\jre\17.0.11-win32-x86_64\bin\zip.dll
Event: 0.527 Loaded shared library C:\Users\Msb\.vscode\extensions\redhat.java-1.32.0-win32-x64\jre\17.0.11-win32-x86_64\bin\instrument.dll
Event: 0.548 Loaded shared library C:\Users\Msb\.vscode\extensions\redhat.java-1.32.0-win32-x64\jre\17.0.11-win32-x86_64\bin\net.dll
Event: 0.561 Loaded shared library C:\Users\Msb\.vscode\extensions\redhat.java-1.32.0-win32-x64\jre\17.0.11-win32-x86_64\bin\nio.dll
Event: 0.572 Loaded shared library C:\Users\Msb\.vscode\extensions\redhat.java-1.32.0-win32-x64\jre\17.0.11-win32-x86_64\bin\zip.dll
Event: 0.634 Loaded shared library C:\Users\Msb\.vscode\extensions\redhat.java-1.32.0-win32-x64\jre\17.0.11-win32-x86_64\bin\jimage.dll
Event: 0.737 Loaded shared library c:\Users\Msb\.vscode\extensions\redhat.java-1.32.0-win32-x64\jre\17.0.11-win32-x86_64\bin\verify.dll

Deoptimization events (20 events):
Event: 1.147 Thread 0x0000022d7e523e30 DEOPT PACKING pc=0x0000022d02ca6200 sp=0x000000b90b3fd7c0
Event: 1.147 Thread 0x0000022d7e523e30 DEOPT UNPACKING pc=0x0000022d0a166e43 sp=0x000000b90b3fcc18 mode 0
Event: 1.147 Thread 0x0000022d7e523e30 DEOPT PACKING pc=0x0000022d02ca6200 sp=0x000000b90b3fd730
Event: 1.147 Thread 0x0000022d7e523e30 DEOPT UNPACKING pc=0x0000022d0a166e43 sp=0x000000b90b3fcb88 mode 0
Event: 1.148 Thread 0x0000022d7e523e30 DEOPT PACKING pc=0x0000022d02ca6200 sp=0x000000b90b3fd7c0
Event: 1.148 Thread 0x0000022d7e523e30 DEOPT UNPACKING pc=0x0000022d0a166e43 sp=0x000000b90b3fcc18 mode 0
Event: 1.148 Thread 0x0000022d7e523e30 DEOPT PACKING pc=0x0000022d02ca6200 sp=0x000000b90b3fd7c0
Event: 1.148 Thread 0x0000022d7e523e30 DEOPT UNPACKING pc=0x0000022d0a166e43 sp=0x000000b90b3fcc18 mode 0
Event: 1.149 Thread 0x0000022d7e523e30 DEOPT PACKING pc=0x0000022d02ca6200 sp=0x000000b90b3fd7b0
Event: 1.149 Thread 0x0000022d7e523e30 DEOPT UNPACKING pc=0x0000022d0a166e43 sp=0x000000b90b3fcc08 mode 0
Event: 1.149 Thread 0x0000022d7e523e30 DEOPT PACKING pc=0x0000022d02ca6200 sp=0x000000b90b3fd7b0
Event: 1.149 Thread 0x0000022d7e523e30 DEOPT UNPACKING pc=0x0000022d0a166e43 sp=0x000000b90b3fcc08 mode 0
Event: 1.149 Thread 0x0000022d7e523e30 DEOPT PACKING pc=0x0000022d02ca6200 sp=0x000000b90b3fd8d0
Event: 1.149 Thread 0x0000022d7e523e30 DEOPT UNPACKING pc=0x0000022d0a166e43 sp=0x000000b90b3fcd28 mode 0
Event: 1.149 Thread 0x0000022d7e523e30 DEOPT PACKING pc=0x0000022d02ca6200 sp=0x000000b90b3fd8d0
Event: 1.149 Thread 0x0000022d7e523e30 DEOPT UNPACKING pc=0x0000022d0a166e43 sp=0x000000b90b3fcd28 mode 0
Event: 1.162 Thread 0x0000022d7e523e30 Uncommon trap: trap_request=0xffffff6e fr.pc=0x0000022d0a6e4e80 relative=0x0000000000000200
Event: 1.162 Thread 0x0000022d7e523e30 Uncommon trap: reason=loop_limit_check action=maybe_recompile pc=0x0000022d0a6e4e80 method=java.math.BigInteger.implMulAdd([I[IIII)I @ 26 c2
Event: 1.162 Thread 0x0000022d7e523e30 DEOPT PACKING pc=0x0000022d0a6e4e80 sp=0x000000b90b3fd9a0
Event: 1.162 Thread 0x0000022d7e523e30 DEOPT UNPACKING pc=0x0000022d0a1666a3 sp=0x000000b90b3fd8f0 mode 2

Classes unloaded (0 events):
No events

Classes redefined (0 events):
No events

Internal exceptions (2 events):
Event: 0.465 Thread 0x0000022d7e523e30 Exception <a 'java/lang/NoSuchMethodError'{0x00000000eacb4ca0}: 'void java.lang.invoke.DirectMethodHandle$Holder.invokeStatic(java.lang.Object, java.lang.Object, java.lang.Object)'> (0x00000000eacb4ca0) 
thrown [s\src\hotspot\share\interpreter\linkResolver.cpp, line 759]
Event: 0.770 Thread 0x0000022d7e523e30 Exception <a 'java/lang/reflect/InvocationTargetException'{0x00000000eafe5ed0}> (0x00000000eafe5ed0) 
thrown [s\src\hotspot\share\runtime\reflection.cpp, line 1121]

VM Operations (6 events):
Event: 0.473 Executing VM operation: HandshakeAllThreads
Event: 0.473 Executing VM operation: HandshakeAllThreads done
Event: 0.657 Executing VM operation: HandshakeAllThreads
Event: 0.657 Executing VM operation: HandshakeAllThreads done
Event: 1.194 Executing VM operation: HandshakeAllThreads
Event: 1.194 Executing VM operation: HandshakeAllThreads done

Events (20 events):
Event: 1.193 loading class sun/security/util/KeyUtil
Event: 1.193 loading class sun/security/util/KeyUtil done
Event: 1.193 loading class sun/security/util/Length
Event: 1.193 loading class sun/security/util/Length done
Event: 1.193 loading class javax/crypto/SecretKey
Event: 1.194 loading class javax/crypto/SecretKey done
Event: 1.194 loading class java/util/LinkedHashMap$LinkedEntrySet
Event: 1.194 loading class java/util/LinkedHashMap$LinkedEntrySet done
Event: 1.194 loading class java/util/LinkedHashMap$LinkedEntryIterator
Event: 1.194 loading class java/util/LinkedHashMap$LinkedEntryIterator done
Event: 1.199 loading class java/util/Base64
Event: 1.199 loading class java/util/Base64 done
Event: 1.199 loading class java/util/Base64$Decoder
Event: 1.199 loading class java/util/Base64$Decoder done
Event: 1.199 loading class java/util/Base64$Encoder
Event: 1.200 loading class java/util/Base64$Encoder done
Event: 1.201 loading class java/util/jar/JarVerifier$VerifierStream
Event: 1.201 loading class java/util/jar/JarVerifier$VerifierStream done
Event: 1.201 loading class sun/security/util/ManifestEntryVerifier$SunProviderHolder
Event: 1.201 loading class sun/security/util/ManifestEntryVerifier$SunProviderHolder done


Dynamic libraries:
0x00007ff671dc0000 - 0x00007ff671dce000 	c:\Users\Msb\.vscode\extensions\redhat.java-1.32.0-win32-x64\jre\17.0.11-win32-x86_64\bin\java.exe
0x00007ffad9450000 - 0x00007ffad9648000 	C:\Windows\SYSTEM32\ntdll.dll
0x00007ffad82a0000 - 0x00007ffad8361000 	C:\Windows\System32\KERNEL32.DLL
0x00007ffad6e70000 - 0x00007ffad7166000 	C:\Windows\System32\KERNELBASE.dll
0x00007ffad6b00000 - 0x00007ffad6c00000 	C:\Windows\System32\ucrtbase.dll
0x00007ffaae880000 - 0x00007ffaae897000 	c:\Users\Msb\.vscode\extensions\redhat.java-1.32.0-win32-x64\jre\17.0.11-win32-x86_64\bin\jli.dll
0x00007ffad8560000 - 0x00007ffad86ff000 	C:\Windows\System32\USER32.dll
0x00007ffad6d70000 - 0x00007ffad6d92000 	C:\Windows\System32\win32u.dll
0x00007ffad8ee0000 - 0x00007ffad8f0b000 	C:\Windows\System32\GDI32.dll
0x00007ffad6c50000 - 0x00007ffad6d67000 	C:\Windows\System32\gdi32full.dll
0x00007ffad6dd0000 - 0x00007ffad6e6d000 	C:\Windows\System32\msvcp_win.dll
0x00007ffaab650000 - 0x00007ffaab66b000 	c:\Users\Msb\.vscode\extensions\redhat.java-1.32.0-win32-x64\jre\17.0.11-win32-x86_64\bin\VCRUNTIME140.dll
0x00007ffabbff0000 - 0x00007ffabc28a000 	C:\Windows\WinSxS\amd64_microsoft.windows.common-controls_6595b64144ccf1df_6.0.19041.4355_none_60b8b9eb71f62e16\COMCTL32.dll
0x00007ffad9270000 - 0x00007ffad930e000 	C:\Windows\System32\msvcrt.dll
0x00007ffad9310000 - 0x00007ffad933f000 	C:\Windows\System32\IMM32.DLL
0x00007ffabd5a0000 - 0x00007ffabd5ac000 	c:\Users\Msb\.vscode\extensions\redhat.java-1.32.0-win32-x64\jre\17.0.11-win32-x86_64\bin\vcruntime140_1.dll
0x00007ffa9bac0000 - 0x00007ffa9bb4d000 	c:\Users\Msb\.vscode\extensions\redhat.java-1.32.0-win32-x64\jre\17.0.11-win32-x86_64\bin\msvcp140.dll
0x00007ffa54870000 - 0x00007ffa554d2000 	c:\Users\Msb\.vscode\extensions\redhat.java-1.32.0-win32-x64\jre\17.0.11-win32-x86_64\bin\server\jvm.dll
0x00007ffad8060000 - 0x00007ffad8110000 	C:\Windows\System32\ADVAPI32.dll
0x00007ffad8200000 - 0x00007ffad82a0000 	C:\Windows\System32\sechost.dll
0x00007ffad8370000 - 0x00007ffad8493000 	C:\Windows\System32\RPCRT4.dll
0x00007ffad6da0000 - 0x00007ffad6dc7000 	C:\Windows\System32\bcrypt.dll
0x00007ffad6050000 - 0x00007ffad609b000 	C:\Windows\SYSTEM32\POWRPROF.dll
0x00007ffab5de0000 - 0x00007ffab5de9000 	C:\Windows\SYSTEM32\WSOCK32.dll
0x00007ffabeae0000 - 0x00007ffabeb07000 	C:\Windows\SYSTEM32\WINMM.dll
0x00007ffad0da0000 - 0x00007ffad0daa000 	C:\Windows\SYSTEM32\VERSION.dll
0x00007ffad8190000 - 0x00007ffad81fb000 	C:\Windows\System32\WS2_32.dll
0x00007ffad5eb0000 - 0x00007ffad5ec2000 	C:\Windows\SYSTEM32\UMPDC.dll
0x00007ffad4940000 - 0x00007ffad4952000 	C:\Windows\SYSTEM32\kernel.appcore.dll
0x00007ffabb990000 - 0x00007ffabb99a000 	c:\Users\Msb\.vscode\extensions\redhat.java-1.32.0-win32-x64\jre\17.0.11-win32-x86_64\bin\jimage.dll
0x00007ffacc2e0000 - 0x00007ffacc4c4000 	C:\Windows\SYSTEM32\DBGHELP.DLL
0x00007ffacc090000 - 0x00007ffacc0c4000 	C:\Windows\SYSTEM32\dbgcore.DLL
0x00007ffad73f0000 - 0x00007ffad7472000 	C:\Windows\System32\bcryptPrimitives.dll
0x00007ffabb680000 - 0x00007ffabb68e000 	c:\Users\Msb\.vscode\extensions\redhat.java-1.32.0-win32-x64\jre\17.0.11-win32-x86_64\bin\instrument.dll
0x00007ffaa03b0000 - 0x00007ffaa03d5000 	c:\Users\Msb\.vscode\extensions\redhat.java-1.32.0-win32-x64\jre\17.0.11-win32-x86_64\bin\java.dll
0x00007ffaa6e40000 - 0x00007ffaa6e58000 	c:\Users\Msb\.vscode\extensions\redhat.java-1.32.0-win32-x64\jre\17.0.11-win32-x86_64\bin\zip.dll
0x00007ffad78f0000 - 0x00007ffad805c000 	C:\Windows\System32\SHELL32.dll
0x00007ffad4b40000 - 0x00007ffad52de000 	C:\Windows\SYSTEM32\windows.storage.dll
0x00007ffad8f10000 - 0x00007ffad9263000 	C:\Windows\System32\combase.dll
0x00007ffad6520000 - 0x00007ffad654e000 	C:\Windows\SYSTEM32\Wldp.dll
0x00007ffad9340000 - 0x00007ffad940d000 	C:\Windows\System32\OLEAUT32.dll
0x00007ffad84b0000 - 0x00007ffad855d000 	C:\Windows\System32\SHCORE.dll
0x00007ffad75b0000 - 0x00007ffad7605000 	C:\Windows\System32\shlwapi.dll
0x00007ffad6a30000 - 0x00007ffad6a54000 	C:\Windows\SYSTEM32\profapi.dll
0x00007ffaa6680000 - 0x00007ffaa6699000 	C:\Users\Msb\.vscode\extensions\redhat.java-1.32.0-win32-x64\jre\17.0.11-win32-x86_64\bin\net.dll
0x00007ffacf460000 - 0x00007ffacf56a000 	C:\Windows\SYSTEM32\WINHTTP.dll
0x00007ffad6230000 - 0x00007ffad629a000 	C:\Windows\system32\mswsock.dll
0x00007ffaa63c0000 - 0x00007ffaa63d6000 	C:\Users\Msb\.vscode\extensions\redhat.java-1.32.0-win32-x64\jre\17.0.11-win32-x86_64\bin\nio.dll
0x00007ffabb0b0000 - 0x00007ffabb0c0000 	c:\Users\Msb\.vscode\extensions\redhat.java-1.32.0-win32-x64\jre\17.0.11-win32-x86_64\bin\verify.dll

dbghelp: loaded successfully - version: 4.0.5 - missing functions: none
symbol engine: initialized successfully - sym options: 0x614 - pdb path: .;c:\Users\Msb\.vscode\extensions\redhat.java-1.32.0-win32-x64\jre\17.0.11-win32-x86_64\bin;C:\Windows\SYSTEM32;C:\Windows\WinSxS\amd64_microsoft.windows.common-controls_6595b64144ccf1df_6.0.19041.4355_none_60b8b9eb71f62e16;c:\Users\Msb\.vscode\extensions\redhat.java-1.32.0-win32-x64\jre\17.0.11-win32-x86_64\bin\server

VM Arguments:
jvm_args: --add-modules=ALL-SYSTEM --add-opens=java.base/java.util=ALL-UNNAMED --add-opens=java.base/java.lang=ALL-UNNAMED --add-opens=java.base/sun.nio.fs=ALL-UNNAMED -Declipse.application=org.eclipse.jdt.ls.core.id1 -Dosgi.bundles.defaultStartLevel=4 -Declipse.product=org.eclipse.jdt.ls.core.product -Djava.import.generatesMetadataFilesAtProjectRoot=false -DDetectVMInstallationsJob.disabled=true -Dfile.encoding=utf8 -XX:+UseParallelGC -XX:GCTimeRatio=4 -XX:AdaptiveSizePolicyWeight=90 -Dsun.zip.disableMemoryMapping=true -Xmx1G -Xms100m -Xlog:disable -javaagent:c:\Users\Msb\.vscode\extensions\redhat.java-1.32.0-win32-x64\lombok\lombok-1.18.33.jar 
java_command: c:\Users\Msb\.vscode\extensions\redhat.java-1.32.0-win32-x64\server\plugins\org.eclipse.equinox.launcher_1.6.900.v20240613-2009.jar -configuration c:\Users\Msb\AppData\Roaming\Code\User\globalStorage\redhat.java\1.32.0\config_ss_win -data c:\Users\Msb\AppData\Roaming\Code\User\workspaceStorage\de65c382bbab666cbab8920842b12c40\redhat.java\ss_ws --pipe=\\.\pipe\lsp-ac6268caf6dfecbae64e03b86812c931-sock
java_class_path (initial): c:\Users\Msb\.vscode\extensions\redhat.java-1.32.0-win32-x64\server\plugins\org.eclipse.equinox.launcher_1.6.900.v20240613-2009.jar
Launcher Type: SUN_STANDARD

[Global flags]
    uintx AdaptiveSizePolicyWeight                 = 90                                        {product} {command line}
     intx CICompilerCount                          = 3                                         {product} {ergonomic}
    uintx GCTimeRatio                              = 4                                         {product} {command line}
   size_t InitialHeapSize                          = 104857600                                 {product} {command line}
   size_t MaxHeapSize                              = 1073741824                                {product} {command line}
   size_t MaxNewSize                               = 357564416                                 {product} {ergonomic}
   size_t MinHeapDeltaBytes                        = 524288                                    {product} {ergonomic}
   size_t MinHeapSize                              = 104857600                                 {product} {command line}
   size_t NewSize                                  = 34603008                                  {product} {ergonomic}
    uintx NonNMethodCodeHeapSize                   = 5832780                                {pd product} {ergonomic}
    uintx NonProfiledCodeHeapSize                  = 122912730                              {pd product} {ergonomic}
   size_t OldSize                                  = 70254592                                  {product} {ergonomic}
    uintx ProfiledCodeHeapSize                     = 122912730                              {pd product} {ergonomic}
    uintx ReservedCodeCacheSize                    = 251658240                              {pd product} {ergonomic}
     bool SegmentedCodeCache                       = true                                      {product} {ergonomic}
   size_t SoftMaxHeapSize                          = 1073741824                             {manageable} {ergonomic}
     bool UseCompressedClassPointers               = true                           {product lp64_product} {ergonomic}
     bool UseCompressedOops                        = true                           {product lp64_product} {ergonomic}
     bool UseLargePagesIndividualAllocation        = false                                  {pd product} {ergonomic}
     bool UseParallelGC                            = true                                      {product} {command line}

Logging:
Log output configuration:
 #0: stdout all=off uptime,level,tags
 #1: stderr all=off uptime,level,tags

Environment Variables:
JAVA_HOME=C:\Program Files\Java\jdk-22
PATH=C:\Program Files\Common Files\Oracle\Java\javapath;C:\Windows\system32;C:\Windows;C:\Windows\System32\Wbem;C:\Windows\System32\WindowsPowerShell\v1.0\;C:\Windows\System32\OpenSSH\;C:\Program Files\Git\cmd;C:\Program Files\Docker\Docker\resources\bin;C:\Program Files\PuTTY\;C:\Program Files\Amazon\AWSCLIV2\;C:\Program Files\apache-maven-3.9.5\bin;C:\ProgramData\chocolatey\bin;C:\Program Files\nodejs\;C:\Program Files\MySQL\MySQL Shell 8.0\bin\;C:\Users\Msb\AppData\Local\Programs\Python\Python310\Scripts\;C:\Users\Msb\AppData\Local\Programs\Python\Python310\;C:\Users\Msb\AppData\Local\Microsoft\WindowsApps;C:\Users\Msb\AppData\Local\Programs\Microsoft VS Code\bin;C:\Users\Msb\AppData\Roaming\npm
USERNAME=Msb
OS=Windows_NT
PROCESSOR_IDENTIFIER=Intel64 Family 6 Model 142 Stepping 9, GenuineIntel
TMP=C:\Users\Msb\AppData\Local\Temp
TEMP=C:\Users\Msb\AppData\Local\Temp



Periodic native trim disabled


---------------  S Y S T E M  ---------------

OS:
 Windows 10 , 64 bit Build 19041 (10.0.19041.4597)
OS uptime: 12 days 23:06 hours
Hyper-V role detected

CPU: total 4 (initial active 4) (2 cores per cpu, 2 threads per core) family 6 model 142 stepping 9 microcode 0xb4, cx8, cmov, fxsr, ht, mmx, 3dnowpref, sse, sse2, sse3, ssse3, sse4.1, sse4.2, popcnt, lzcnt, tsc, tscinvbit, avx, avx2, aes, erms, clmul, bmi1, bmi2, adx, fma, vzeroupper, clflush, clflushopt, hv
Processor Information for all 4 processors :
  Max Mhz: 2904, Current Mhz: 2703, Mhz Limit: 2700

Memory: 4k page, system-wide physical 12172M (724M free)
TotalPageFile size 18434M (AvailPageFile size 1M)
current process WorkingSet (physical memory assigned to process): 56M, peak: 56M
current process commit charge ("private bytes"): 183M, peak: 183M

vm_info: OpenJDK 64-Bit Server VM (17.0.11+9) for windows-amd64 JRE (17.0.11+9), built on Apr 17 2024 06:07:48 by "admin" with MS VC++ 16.10 / 16.11 (VS2019)

END.
